#
# There is insufficient memory for the Java Runtime Environment to continue.
# Native memory allocation (mmap) failed to map 123731968 bytes. Error detail: G1 virtual space
# Possible reasons:
#   The system is out of physical RAM or swap space
#   This process is running with CompressedOops enabled, and the Java Heap may be blocking the growth of the native heap
# Possible solutions:
#   Reduce memory load on the system
#   Increase physical memory or swap space
#   Check if swap backing store is full
#   Decrease Java heap size (-Xmx/-Xms)
#   Decrease number of Java threads
#   Decrease Java thread stack sizes (-Xss)
#   Set larger code cache with -XX:ReservedCodeCacheSize=
#   JVM is running with Zero Based Compressed Oops mode in which the Java heap is
#     placed in the first 32GB address space. The Java Heap base address is the
#     maximum limit for the native heap growth. Please use -XX:HeapBaseMinAddress
#     to set the Java Heap base and to place the Java Heap above 32GB virtual address.
# This output file may be truncated or incomplete.
#
#  Out of Memory Error (os_windows.cpp:3616), pid=3440, tid=9712
#
# JRE version: OpenJDK Runtime Environment Temurin-21.0.4+7 (21.0.4+7) (build 21.0.4+7-LTS)
# Java VM: OpenJDK 64-Bit Server VM Temurin-21.0.4+7 (21.0.4+7-LTS, mixed mode, sharing, tiered, compressed oops, compressed class ptrs, g1 gc, windows-amd64)
# No core dump will be written. Minidumps are not enabled by default on client versions of Windows
#

---------------  S U M M A R Y ------------

Command Line: -XX:MaxMetaspaceSize=4G -XX:ReservedCodeCacheSize=512m -XX:+HeapDumpOnOutOfMemoryError --add-opens=java.base/java.util=ALL-UNNAMED --add-opens=java.base/java.lang=ALL-UNNAMED --add-opens=java.base/java.lang.invoke=ALL-UNNAMED --add-opens=java.prefs/java.util.prefs=ALL-UNNAMED --add-exports=jdk.compiler/com.sun.tools.javac.api=ALL-UNNAMED --add-exports=jdk.compiler/com.sun.tools.javac.util=ALL-UNNAMED --add-opens=java.base/java.nio.charset=ALL-UNNAMED --add-opens=java.base/java.net=ALL-UNNAMED --add-opens=java.base/java.util.concurrent.atomic=ALL-UNNAMED -Xmx4G -Dfile.encoding=utf8 -Duser.country=US -Duser.language=en -Duser.variant -javaagent:C:\Users\bhush\.gradle\wrapper\dists\gradle-8.10.2-all\7iv73wktx1xtkvlq19urqw1wm\gradle-8.10.2\lib\agents\gradle-instrumentation-agent-8.10.2.jar org.gradle.launcher.daemon.bootstrap.GradleDaemon 8.10.2

Host: Intel(R) Core(TM) i3-1005G1 CPU @ 1.20GHz, 4 cores, 3G,  Windows 11 , 64 bit Build 26100 (10.0.26100.3323)
Time: Mon Mar 24 23:52:47 2025 India Standard Time elapsed time: 191.995885 seconds (0d 0h 3m 11s)

---------------  T H R E A D  ---------------

Current thread (0x0000026ddd2523d0):  VMThread "VM Thread"          [id=9712, stack(0x000000828a000000,0x000000828a100000) (1024K)]

Stack: [0x000000828a000000,0x000000828a100000]
Native frames: (J=compiled Java code, j=interpreted, Vv=VM code, C=native code)
V  [jvm.dll+0x6cbcf9]
V  [jvm.dll+0x8a5551]
V  [jvm.dll+0x8a7a7e]
V  [jvm.dll+0x8a8153]
V  [jvm.dll+0x27eca6]
V  [jvm.dll+0x6c8445]
V  [jvm.dll+0x6bd13a]
V  [jvm.dll+0x354a0a]
V  [jvm.dll+0x35c5b6]
V  [jvm.dll+0x3adf3e]
V  [jvm.dll+0x3ae1e8]
V  [jvm.dll+0x328bcc]
V  [jvm.dll+0x328c57]
V  [jvm.dll+0x36c9cc]
V  [jvm.dll+0x36b218]
V  [jvm.dll+0x328391]
V  [jvm.dll+0x36a88a]
V  [jvm.dll+0x8ade6f]
V  [jvm.dll+0x8af1f4]
V  [jvm.dll+0x8af730]
V  [jvm.dll+0x8af9d3]
V  [jvm.dll+0x84f17b]
V  [jvm.dll+0x6ca3fd]
C  [ucrtbase.dll+0x37b0]
C  [KERNEL32.DLL+0x2e8d7]
C  [ntdll.dll+0xbbf6c]

VM_Operation (0x000000828bafe050): G1CollectForAllocation, mode: safepoint, requested by thread 0x0000026e23a025e0


---------------  P R O C E S S  ---------------

Threads class SMR info:
_java_thread_list=0x0000026e26c849c0, length=74, elements={
0x0000026daccb0bd0, 0x0000026ddd273d60, 0x0000026ddd275330, 0x0000026ddd279390,
0x0000026ddd27c200, 0x0000026ddd27e340, 0x0000026ddd27eed0, 0x0000026ddd286980,
0x0000026ddd28a0d0, 0x0000026ddd480980, 0x0000026ddd5d3670, 0x0000026e2397f790,
0x0000026ddd65c320, 0x0000026e23900aa0, 0x0000026e23c10e80, 0x0000026e23c114f0,
0x0000026e23c2cb00, 0x0000026e23c2d570, 0x0000026e239ffe80, 0x0000026e23a00510,
0x0000026e23a00ba0, 0x0000026e23a018c0, 0x0000026e23a01f50, 0x0000026e23a025e0,
0x0000026e239ff7f0, 0x0000026e24c58480, 0x0000026e24c57df0, 0x0000026e24c56a40,
0x0000026e24c59ec0, 0x0000026e24c570d0, 0x0000026e24c591a0, 0x0000026e24c58b10,
0x0000026e24c59830, 0x0000026e24ca79d0, 0x0000026e24ca8060, 0x0000026e24ca9410,
0x0000026e23960ad0, 0x0000026e23965300, 0x0000026e23963230, 0x0000026e23961e80,
0x0000026e23966020, 0x0000026e23965990, 0x0000026e23962ba0, 0x0000026e23966d40,
0x0000026e239673d0, 0x0000026e239666b0, 0x0000026e24caae50, 0x0000026e24ca8d80,
0x0000026e25d98860, 0x0000026e25d97b40, 0x0000026e25d981d0, 0x0000026e25d98ef0,
0x0000026e25d99580, 0x0000026e25d99c10, 0x0000026e25d9a2a0, 0x0000026e23967a60,
0x0000026e239680f0, 0x0000026e2689e0d0, 0x0000026e2689cd20, 0x0000026e2689c000,
0x0000026e2689c690, 0x0000026e2689d3b0, 0x0000026e2689da40, 0x0000026e2689ac50,
0x0000026e2689b970, 0x0000026e2689e760, 0x0000026e2689b2e0, 0x0000026e2689fb10,
0x0000026e2689edf0, 0x0000026e268a1550, 0x0000026e268a0ec0, 0x0000026e268a01a0,
0x0000026e2689f480, 0x0000026e268a1be0
}

Java Threads: ( => current thread )
  0x0000026daccb0bd0 JavaThread "main"                              [_thread_blocked, id=24076, stack(0x0000008289900000,0x0000008289a00000) (1024K)]
  0x0000026ddd273d60 JavaThread "Reference Handler"          daemon [_thread_blocked, id=6040, stack(0x000000828a100000,0x000000828a200000) (1024K)]
  0x0000026ddd275330 JavaThread "Finalizer"                  daemon [_thread_blocked, id=14132, stack(0x000000828a200000,0x000000828a300000) (1024K)]
  0x0000026ddd279390 JavaThread "Signal Dispatcher"          daemon [_thread_blocked, id=21196, stack(0x000000828a300000,0x000000828a400000) (1024K)]
  0x0000026ddd27c200 JavaThread "Attach Listener"            daemon [_thread_blocked, id=16708, stack(0x000000828a400000,0x000000828a500000) (1024K)]
  0x0000026ddd27e340 JavaThread "Service Thread"             daemon [_thread_blocked, id=7364, stack(0x000000828a500000,0x000000828a600000) (1024K)]
  0x0000026ddd27eed0 JavaThread "Monitor Deflation Thread"   daemon [_thread_blocked, id=20052, stack(0x000000828a600000,0x000000828a700000) (1024K)]
  0x0000026ddd286980 JavaThread "C2 CompilerThread0"         daemon [_thread_blocked, id=18872, stack(0x000000828a700000,0x000000828a800000) (1024K)]
  0x0000026ddd28a0d0 JavaThread "C1 CompilerThread0"         daemon [_thread_blocked, id=19204, stack(0x000000828a800000,0x000000828a900000) (1024K)]
  0x0000026ddd480980 JavaThread "Common-Cleaner"             daemon [_thread_blocked, id=18540, stack(0x000000828a900000,0x000000828aa00000) (1024K)]
  0x0000026ddd5d3670 JavaThread "Notification Thread"        daemon [_thread_blocked, id=18268, stack(0x000000828aa00000,0x000000828ab00000) (1024K)]
  0x0000026e2397f790 JavaThread "Daemon health stats"               [_thread_blocked, id=12072, stack(0x000000828ae00000,0x000000828af00000) (1024K)]
  0x0000026ddd65c320 JavaThread "Incoming local TCP Connector on port 24415"        [_thread_in_native, id=13040, stack(0x000000828af00000,0x000000828b000000) (1024K)]
  0x0000026e23900aa0 JavaThread "Daemon periodic checks"            [_thread_blocked, id=22172, stack(0x000000828b000000,0x000000828b100000) (1024K)]
  0x0000026e23c10e80 JavaThread "Daemon"                            [_thread_blocked, id=21092, stack(0x000000828b100000,0x000000828b200000) (1024K)]
  0x0000026e23c114f0 JavaThread "Handler for socket connection from /127.0.0.1:24415 to /127.0.0.1:24416"        [_thread_in_native, id=1864, stack(0x000000828b200000,0x000000828b300000) (1024K)]
  0x0000026e23c2cb00 JavaThread "Cancel handler"                    [_thread_blocked, id=11848, stack(0x000000828b300000,0x000000828b400000) (1024K)]
  0x0000026e23c2d570 JavaThread "Daemon worker"                     [_thread_blocked, id=11712, stack(0x000000828b400000,0x000000828b500000) (1024K)]
  0x0000026e239ffe80 JavaThread "Asynchronous log dispatcher for DefaultDaemonConnection: socket connection from /127.0.0.1:24415 to /127.0.0.1:24416"        [_thread_blocked, id=13976, stack(0x000000828b500000,0x000000828b600000) (1024K)]
  0x0000026e23a00510 JavaThread "Stdin handler"                     [_thread_blocked, id=17440, stack(0x000000828b600000,0x000000828b700000) (1024K)]
  0x0000026e23a00ba0 JavaThread "Daemon client event forwarder"        [_thread_blocked, id=15384, stack(0x000000828b700000,0x000000828b800000) (1024K)]
  0x0000026e23a018c0 JavaThread "Cache worker for journal cache (C:\Users\bhush\.gradle\caches\journal-1)"        [_thread_blocked, id=15808, stack(0x000000828b800000,0x000000828b900000) (1024K)]
  0x0000026e23a01f50 JavaThread "File lock request listener"        [_thread_in_native, id=2992, stack(0x000000828b900000,0x000000828ba00000) (1024K)]
  0x0000026e23a025e0 JavaThread "Cache worker for file hash cache (C:\Users\bhush\.gradle\caches\8.10.2\fileHashes)"        [_thread_blocked, id=4272, stack(0x000000828ba00000,0x000000828bb00000) (1024K)]
  0x0000026e239ff7f0 JavaThread "Cache worker for file hash cache (D:\TaskVerse\taskverse\android\.gradle\8.10.2\fileHashes)"        [_thread_blocked, id=22720, stack(0x000000828bb00000,0x000000828bc00000) (1024K)]
  0x0000026e24c58480 JavaThread "Cache worker for Build Output Cleanup Cache (D:\TaskVerse\taskverse\android\.gradle\buildOutputCleanup)"        [_thread_blocked, id=21452, stack(0x000000828bc00000,0x000000828bd00000) (1024K)]
  0x0000026e24c57df0 JavaThread "File watcher server"        daemon [_thread_in_native, id=9356, stack(0x000000828bd00000,0x000000828be00000) (1024K)]
  0x0000026e24c56a40 JavaThread "File watcher consumer"      daemon [_thread_blocked, id=11296, stack(0x000000828be00000,0x000000828bf00000) (1024K)]
  0x0000026e24c59ec0 JavaThread "jar transforms"                    [_thread_blocked, id=17076, stack(0x000000828bf00000,0x000000828c000000) (1024K)]
  0x0000026e24c570d0 JavaThread "jar transforms Thread 2"           [_thread_blocked, id=21880, stack(0x000000828c000000,0x000000828c100000) (1024K)]
  0x0000026e24c591a0 JavaThread "jar transforms Thread 3"           [_thread_blocked, id=11088, stack(0x000000828c100000,0x000000828c200000) (1024K)]
  0x0000026e24c58b10 JavaThread "Cache worker for checksums cache (D:\TaskVerse\taskverse\android\.gradle\8.10.2\checksums)"        [_thread_blocked, id=10356, stack(0x000000828c200000,0x000000828c300000) (1024K)]
  0x0000026e24c59830 JavaThread "Cache worker for file content cache (C:\Users\bhush\.gradle\caches\8.10.2\fileContent)"        [_thread_blocked, id=16720, stack(0x000000828c300000,0x000000828c400000) (1024K)]
  0x0000026e24ca79d0 JavaThread "Cache worker for cache directory md-rule (C:\Users\bhush\.gradle\caches\8.10.2\md-rule)"        [_thread_blocked, id=6704, stack(0x000000828c400000,0x000000828c500000) (1024K)]
  0x0000026e24ca8060 JavaThread "Cache worker for cache directory md-supplier (C:\Users\bhush\.gradle\caches\8.10.2\md-supplier)"        [_thread_blocked, id=18944, stack(0x000000828c500000,0x000000828c600000) (1024K)]
  0x0000026e24ca9410 JavaThread "jar transforms Thread 4"           [_thread_blocked, id=4332, stack(0x0000008289600000,0x0000008289700000) (1024K)]
  0x0000026e23960ad0 JavaThread "Cache worker for Build Output Cleanup Cache (D:\Flutter\flutter\packages\flutter_tools\gradle\.gradle\buildOutputCleanup)"        [_thread_blocked, id=20772, stack(0x0000008289700000,0x0000008289800000) (1024K)]
  0x0000026e23965300 JavaThread "Unconstrained build operations"        [_thread_blocked, id=16496, stack(0x0000008289800000,0x0000008289900000) (1024K)]
  0x0000026e23963230 JavaThread "Unconstrained build operations Thread 2"        [_thread_blocked, id=20928, stack(0x000000828c600000,0x000000828c700000) (1024K)]
  0x0000026e23961e80 JavaThread "Unconstrained build operations Thread 3"        [_thread_blocked, id=9624, stack(0x000000828c700000,0x000000828c800000) (1024K)]
  0x0000026e23966020 JavaThread "Unconstrained build operations Thread 4"        [_thread_blocked, id=14000, stack(0x000000828c800000,0x000000828c900000) (1024K)]
  0x0000026e23965990 JavaThread "Unconstrained build operations Thread 5"        [_thread_blocked, id=11252, stack(0x000000828c900000,0x000000828ca00000) (1024K)]
  0x0000026e23962ba0 JavaThread "Unconstrained build operations Thread 6"        [_thread_blocked, id=19652, stack(0x000000828ca00000,0x000000828cb00000) (1024K)]
  0x0000026e23966d40 JavaThread "Unconstrained build operations Thread 7"        [_thread_blocked, id=20160, stack(0x000000828cb00000,0x000000828cc00000) (1024K)]
  0x0000026e239673d0 JavaThread "Unconstrained build operations Thread 8"        [_thread_blocked, id=22052, stack(0x000000828cc00000,0x000000828cd00000) (1024K)]
  0x0000026e239666b0 JavaThread "Unconstrained build operations Thread 9"        [_thread_blocked, id=11328, stack(0x000000828cd00000,0x000000828ce00000) (1024K)]
  0x0000026e24caae50 JavaThread "Memory manager"                    [_thread_blocked, id=4300, stack(0x000000828ce00000,0x000000828cf00000) (1024K)]
  0x0000026e24ca8d80 JavaThread "build event listener"              [_thread_blocked, id=16672, stack(0x000000828cf00000,0x000000828d000000) (1024K)]
  0x0000026e25d98860 JavaThread "included builds"                   [_thread_blocked, id=15612, stack(0x000000828d100000,0x000000828d200000) (1024K)]
  0x0000026e25d97b40 JavaThread "Execution worker"                  [_thread_blocked, id=13232, stack(0x000000828d200000,0x000000828d300000) (1024K)]
  0x0000026e25d981d0 JavaThread "Execution worker Thread 2"         [_thread_blocked, id=23456, stack(0x000000828d300000,0x000000828d400000) (1024K)]
  0x0000026e25d98ef0 JavaThread "Execution worker Thread 3"         [_thread_blocked, id=8264, stack(0x000000828d400000,0x000000828d500000) (1024K)]
  0x0000026e25d99580 JavaThread "Cache worker for execution history cache (D:\Flutter\flutter\packages\flutter_tools\gradle\.gradle\8.10.2\executionHistory)"        [_thread_blocked, id=7956, stack(0x000000828d500000,0x000000828d600000) (1024K)]
  0x0000026e25d99c10 JavaThread "Unconstrained build operations Thread 10"        [_thread_blocked, id=19984, stack(0x000000828d600000,0x000000828d700000) (1024K)]
  0x0000026e25d9a2a0 JavaThread "Unconstrained build operations Thread 11"        [_thread_blocked, id=4828, stack(0x000000828d700000,0x000000828d800000) (1024K)]
  0x0000026e23967a60 JavaThread "Unconstrained build operations Thread 12"        [_thread_blocked, id=20280, stack(0x000000828d800000,0x000000828d900000) (1024K)]
  0x0000026e239680f0 JavaThread "Unconstrained build operations Thread 13"        [_thread_blocked, id=19272, stack(0x000000828d900000,0x000000828da00000) (1024K)]
  0x0000026e2689e0d0 JavaThread "Unconstrained build operations Thread 14"        [_thread_blocked, id=14220, stack(0x000000828da00000,0x000000828db00000) (1024K)]
  0x0000026e2689cd20 JavaThread "Unconstrained build operations Thread 15"        [_thread_blocked, id=5912, stack(0x000000828db00000,0x000000828dc00000) (1024K)]
  0x0000026e2689c000 JavaThread "Unconstrained build operations Thread 16"        [_thread_blocked, id=21908, stack(0x000000828dc00000,0x000000828dd00000) (1024K)]
  0x0000026e2689c690 JavaThread "Unconstrained build operations Thread 17"        [_thread_blocked, id=18844, stack(0x000000828dd00000,0x000000828de00000) (1024K)]
  0x0000026e2689d3b0 JavaThread "Unconstrained build operations Thread 18"        [_thread_blocked, id=9736, stack(0x000000828de00000,0x000000828df00000) (1024K)]
  0x0000026e2689da40 JavaThread "Unconstrained build operations Thread 19"        [_thread_blocked, id=18752, stack(0x000000828df00000,0x000000828e000000) (1024K)]
  0x0000026e2689ac50 JavaThread "Unconstrained build operations Thread 20"        [_thread_blocked, id=21460, stack(0x000000828e000000,0x000000828e100000) (1024K)]
  0x0000026e2689b970 JavaThread "Unconstrained build operations Thread 21"        [_thread_blocked, id=13680, stack(0x000000828e100000,0x000000828e200000) (1024K)]
  0x0000026e2689e760 JavaThread "Unconstrained build operations Thread 22"        [_thread_blocked, id=14144, stack(0x000000828e200000,0x000000828e300000) (1024K)]
  0x0000026e2689b2e0 JavaThread "Unconstrained build operations Thread 23"        [_thread_blocked, id=23184, stack(0x000000828e300000,0x000000828e400000) (1024K)]
  0x0000026e2689fb10 JavaThread "Unconstrained build operations Thread 24"        [_thread_blocked, id=21140, stack(0x000000828e400000,0x000000828e500000) (1024K)]
  0x0000026e2689edf0 JavaThread "Unconstrained build operations Thread 25"        [_thread_blocked, id=20152, stack(0x000000828e500000,0x000000828e600000) (1024K)]
  0x0000026e268a1550 JavaThread "Unconstrained build operations Thread 26"        [_thread_blocked, id=13924, stack(0x000000828e600000,0x000000828e700000) (1024K)]
  0x0000026e268a0ec0 JavaThread "Unconstrained build operations Thread 27"        [_thread_blocked, id=11244, stack(0x000000828e700000,0x000000828e800000) (1024K)]
  0x0000026e268a01a0 JavaThread "Unconstrained build operations Thread 28"        [_thread_blocked, id=15432, stack(0x000000828ea00000,0x000000828eb00000) (1024K)]
  0x0000026e2689f480 JavaThread "Unconstrained build operations Thread 29"        [_thread_blocked, id=17272, stack(0x000000828eb00000,0x000000828ec00000) (1024K)]
  0x0000026e268a1be0 JavaThread "Unconstrained build operations Thread 30"        [_thread_in_native, id=18224, stack(0x000000828ec00000,0x000000828ed00000) (1024K)]
Total: 74

Other Threads:
=>0x0000026ddd2523d0 VMThread "VM Thread"                           [id=9712, stack(0x000000828a000000,0x000000828a100000) (1024K)]
  0x0000026ddd23deb0 WatcherThread "VM Periodic Task Thread"        [id=19160, stack(0x0000008289f00000,0x000000828a000000) (1024K)]
  0x0000026dacd184c0 WorkerThread "GC Thread#0"                     [id=560, stack(0x0000008289a00000,0x0000008289b00000) (1024K)]
  0x0000026ddd5f4150 WorkerThread "GC Thread#1"                     [id=19440, stack(0x000000828ab00000,0x000000828ac00000) (1024K)]
  0x0000026ddd69b830 WorkerThread "GC Thread#2"                     [id=10424, stack(0x000000828ac00000,0x000000828ad00000) (1024K)]
  0x0000026e238228b0 WorkerThread "GC Thread#3"                     [id=12096, stack(0x000000828ad00000,0x000000828ae00000) (1024K)]
  0x0000026dacd293b0 ConcurrentGCThread "G1 Main Marker"            [id=4480, stack(0x0000008289b00000,0x0000008289c00000) (1024K)]
  0x0000026dacd29dc0 WorkerThread "G1 Conc#0"                       [id=16340, stack(0x0000008289c00000,0x0000008289d00000) (1024K)]
  0x0000026dacd69360 ConcurrentGCThread "G1 Refine#0"               [id=9672, stack(0x0000008289d00000,0x0000008289e00000) (1024K)]
  0x0000026dacd69de0 ConcurrentGCThread "G1 Service"                [id=8412, stack(0x0000008289e00000,0x0000008289f00000) (1024K)]
Total: 10

Threads with active compile tasks:
C2 CompilerThread0   192109 10859   !   4       java.io.BufferedOutputStream::write (73 bytes)
Total: 1

VM state: at safepoint (normal execution)

VM Mutex/Monitor currently owned by a thread:  ([mutex/lock_event])
[0x00007ffda90b7308] Threads_lock - owner thread: 0x0000026ddd2523d0
[0x00007ffda90b7408] Heap_lock - owner thread: 0x0000026e23a025e0

Heap address: 0x0000000700000000, size: 4096 MB, Compressed Oops mode: Zero based, Oop shift amount: 3

CDS archive(s) mapped at: [0x0000026dde000000-0x0000026ddec90000-0x0000026ddec90000), size 13172736, SharedBaseAddress: 0x0000026dde000000, ArchiveRelocationMode: 1.
Compressed class space mapped at: 0x0000026ddf000000-0x0000026e1f000000, reserved size: 1073741824
Narrow klass base: 0x0000026dde000000, Narrow klass shift: 0, Narrow klass range: 0x100000000

GC Precious Log:
 CardTable entry size: 512
 Card Set container configuration: InlinePtr #cards 4 size 8 Array Of Cards #cards 16 size 48 Howl #buckets 8 coarsen threshold 3686 Howl Bitmap #cards 512 size 80 coarsen threshold 460 Card regions per heap region 1 cards per card region 4096
 CPUs: 4 total, 4 available
 Memory: 3783M
 Large Page Support: Disabled
 NUMA Support: Disabled
 Compressed Oops: Enabled (Zero based)
 Heap Region Size: 2M
 Heap Min Capacity: 8M
 Heap Initial Capacity: 60M
 Heap Max Capacity: 4G
 Pre-touch: Disabled
 Parallel Workers: 4
 Concurrent Workers: 1
 Concurrent Refinement Workers: 4
 Periodic GC: Disabled

Heap:
 garbage-first heap   total 143360K, used 84835K [0x0000000700000000, 0x0000000800000000)
  region size 2048K, 1 young (2048K), 1 survivors (2048K)
 Metaspace       used 75192K, committed 77376K, reserved 1179648K
  class space    used 10729K, committed 11776K, reserved 1048576K

Heap Regions: E=young(eden), S=young(survivor), O=old, HS=humongous(starts), HC=humongous(continues), CS=collection set, F=free, TAMS=top-at-mark-start, PB=parsable bottom
|   0|0x0000000700000000, 0x0000000700200000, 0x0000000700200000|100%|HS|  |TAMS 0x0000000700000000| PB 0x0000000700000000| Complete 
|   1|0x0000000700200000, 0x0000000700400000, 0x0000000700400000|100%|HC|  |TAMS 0x0000000700200000| PB 0x0000000700200000| Complete 
|   2|0x0000000700400000, 0x0000000700600000, 0x0000000700600000|100%| O|  |TAMS 0x0000000700400000| PB 0x0000000700400000| Untracked 
|   3|0x0000000700600000, 0x0000000700800000, 0x0000000700800000|100%| O|  |TAMS 0x0000000700600000| PB 0x0000000700600000| Untracked 
|   4|0x0000000700800000, 0x0000000700a00000, 0x0000000700a00000|100%| O|  |TAMS 0x0000000700800000| PB 0x0000000700800000| Untracked 
|   5|0x0000000700a00000, 0x0000000700c00000, 0x0000000700c00000|100%| O|  |TAMS 0x0000000700a00000| PB 0x0000000700a00000| Untracked 
|   6|0x0000000700c00000, 0x0000000700e00000, 0x0000000700e00000|100%| O|  |TAMS 0x0000000700c00000| PB 0x0000000700c00000| Untracked 
|   7|0x0000000700e00000, 0x0000000701000000, 0x0000000701000000|100%| O|  |TAMS 0x0000000700e00000| PB 0x0000000700e00000| Untracked 
|   8|0x0000000701000000, 0x0000000701200000, 0x0000000701200000|100%| O|  |TAMS 0x0000000701000000| PB 0x0000000701000000| Untracked 
|   9|0x0000000701200000, 0x0000000701400000, 0x0000000701400000|100%| O|  |TAMS 0x0000000701200000| PB 0x0000000701200000| Untracked 
|  10|0x0000000701400000, 0x0000000701600000, 0x0000000701600000|100%| O|  |TAMS 0x0000000701400000| PB 0x0000000701400000| Untracked 
|  11|0x0000000701600000, 0x0000000701800000, 0x0000000701800000|100%| O|  |TAMS 0x0000000701600000| PB 0x0000000701600000| Untracked 
|  12|0x0000000701800000, 0x0000000701a00000, 0x0000000701a00000|100%| O|  |TAMS 0x0000000701800000| PB 0x0000000701800000| Untracked 
|  13|0x0000000701a00000, 0x0000000701c00000, 0x0000000701c00000|100%| O|  |TAMS 0x0000000701a00000| PB 0x0000000701a00000| Untracked 
|  14|0x0000000701c00000, 0x0000000701e00000, 0x0000000701e00000|100%| O|  |TAMS 0x0000000701c00000| PB 0x0000000701c00000| Untracked 
|  15|0x0000000701e00000, 0x0000000702000000, 0x0000000702000000|100%| O|  |TAMS 0x0000000701e00000| PB 0x0000000701e00000| Untracked 
|  16|0x0000000702000000, 0x0000000702200000, 0x0000000702200000|100%| O|  |TAMS 0x0000000702000000| PB 0x0000000702000000| Untracked 
|  17|0x0000000702200000, 0x0000000702400000, 0x0000000702400000|100%| O|  |TAMS 0x0000000702200000| PB 0x0000000702200000| Untracked 
|  18|0x0000000702400000, 0x0000000702600000, 0x0000000702600000|100%| O|  |TAMS 0x0000000702400000| PB 0x0000000702400000| Untracked 
|  19|0x0000000702600000, 0x0000000702800000, 0x0000000702800000|100%| O|  |TAMS 0x0000000702600000| PB 0x0000000702600000| Untracked 
|  20|0x0000000702800000, 0x0000000702a00000, 0x0000000702a00000|100%| O|  |TAMS 0x0000000702800000| PB 0x0000000702800000| Untracked 
|  21|0x0000000702a00000, 0x0000000702c00000, 0x0000000702c00000|100%| O|  |TAMS 0x0000000702a00000| PB 0x0000000702a00000| Untracked 
|  22|0x0000000702c00000, 0x0000000702e00000, 0x0000000702e00000|100%| O|  |TAMS 0x0000000702c00000| PB 0x0000000702c00000| Untracked 
|  23|0x0000000702e00000, 0x0000000703000000, 0x0000000703000000|100%|HS|  |TAMS 0x0000000702e00000| PB 0x0000000702e00000| Complete 
|  24|0x0000000703000000, 0x0000000703200000, 0x0000000703200000|100%|HS|  |TAMS 0x0000000703000000| PB 0x0000000703000000| Complete 
|  25|0x0000000703200000, 0x0000000703400000, 0x0000000703400000|100%| O|  |TAMS 0x0000000703200000| PB 0x0000000703200000| Untracked 
|  26|0x0000000703400000, 0x0000000703600000, 0x0000000703600000|100%|HS|  |TAMS 0x0000000703400000| PB 0x0000000703400000| Complete 
|  27|0x0000000703600000, 0x0000000703800000, 0x0000000703800000|100%|HC|  |TAMS 0x0000000703600000| PB 0x0000000703600000| Complete 
|  28|0x0000000703800000, 0x0000000703a00000, 0x0000000703a00000|100%|HS|  |TAMS 0x0000000703800000| PB 0x0000000703800000| Complete 
|  29|0x0000000703a00000, 0x0000000703c00000, 0x0000000703c00000|100%|HC|  |TAMS 0x0000000703a00000| PB 0x0000000703a00000| Complete 
|  30|0x0000000703c00000, 0x0000000703c00000, 0x0000000703e00000|  0%| F|  |TAMS 0x0000000703c00000| PB 0x0000000703c00000| Untracked 
|  31|0x0000000703e00000, 0x0000000704000000, 0x0000000704000000|100%| O|  |TAMS 0x0000000703e00000| PB 0x0000000703e00000| Untracked 
|  32|0x0000000704000000, 0x0000000704200000, 0x0000000704200000|100%| O|  |TAMS 0x0000000704000000| PB 0x0000000704000000| Untracked 
|  33|0x0000000704200000, 0x0000000704363be0, 0x0000000704400000| 69%| O|  |TAMS 0x0000000704200000| PB 0x0000000704200000| Untracked 
|  34|0x0000000704400000, 0x0000000704600000, 0x0000000704600000|100%| O|  |TAMS 0x0000000704400000| PB 0x0000000704400000| Untracked 
|  35|0x0000000704600000, 0x0000000704800000, 0x0000000704800000|100%| O|  |TAMS 0x0000000704600000| PB 0x0000000704600000| Untracked 
|  36|0x0000000704800000, 0x0000000704a00000, 0x0000000704a00000|100%| O|  |TAMS 0x0000000704800000| PB 0x0000000704800000| Untracked 
|  37|0x0000000704a00000, 0x0000000704c00000, 0x0000000704c00000|100%| O|  |TAMS 0x0000000704a00000| PB 0x0000000704a00000| Untracked 
|  38|0x0000000704c00000, 0x0000000704e00000, 0x0000000704e00000|100%| O|  |TAMS 0x0000000704c00000| PB 0x0000000704c00000| Untracked 
|  39|0x0000000704e00000, 0x0000000705000000, 0x0000000705000000|100%| O|  |TAMS 0x0000000704e00000| PB 0x0000000704e00000| Untracked 
|  40|0x0000000705000000, 0x0000000705200000, 0x0000000705200000|100%| O|  |TAMS 0x0000000705000000| PB 0x0000000705000000| Untracked 
|  41|0x0000000705200000, 0x0000000705200000, 0x0000000705400000|  0%| F|  |TAMS 0x0000000705200000| PB 0x0000000705200000| Untracked 
|  42|0x0000000705400000, 0x0000000705400000, 0x0000000705600000|  0%| F|  |TAMS 0x0000000705400000| PB 0x0000000705400000| Untracked 
|  43|0x0000000705600000, 0x0000000705600000, 0x0000000705800000|  0%| F|  |TAMS 0x0000000705600000| PB 0x0000000705600000| Untracked 
|  44|0x0000000705800000, 0x0000000705800000, 0x0000000705a00000|  0%| F|  |TAMS 0x0000000705800000| PB 0x0000000705800000| Untracked 
|  45|0x0000000705a00000, 0x0000000705a00000, 0x0000000705c00000|  0%| F|  |TAMS 0x0000000705a00000| PB 0x0000000705a00000| Untracked 
|  46|0x0000000705c00000, 0x0000000705c00000, 0x0000000705e00000|  0%| F|  |TAMS 0x0000000705c00000| PB 0x0000000705c00000| Untracked 
|  47|0x0000000705e00000, 0x0000000705e00000, 0x0000000706000000|  0%| F|  |TAMS 0x0000000705e00000| PB 0x0000000705e00000| Untracked 
|  48|0x0000000706000000, 0x0000000706000000, 0x0000000706200000|  0%| F|  |TAMS 0x0000000706000000| PB 0x0000000706000000| Untracked 
|  49|0x0000000706200000, 0x0000000706200000, 0x0000000706400000|  0%| F|  |TAMS 0x0000000706200000| PB 0x0000000706200000| Untracked 
|  50|0x0000000706400000, 0x0000000706400000, 0x0000000706600000|  0%| F|  |TAMS 0x0000000706400000| PB 0x0000000706400000| Untracked 
|  51|0x0000000706600000, 0x0000000706600000, 0x0000000706800000|  0%| F|  |TAMS 0x0000000706600000| PB 0x0000000706600000| Untracked 
|  52|0x0000000706800000, 0x0000000706800000, 0x0000000706a00000|  0%| F|  |TAMS 0x0000000706800000| PB 0x0000000706800000| Untracked 
|  53|0x0000000706a00000, 0x0000000706a00000, 0x0000000706c00000|  0%| F|  |TAMS 0x0000000706a00000| PB 0x0000000706a00000| Untracked 
|  54|0x0000000706c00000, 0x0000000706c00000, 0x0000000706e00000|  0%| F|  |TAMS 0x0000000706c00000| PB 0x0000000706c00000| Untracked 
|  55|0x0000000706e00000, 0x0000000706e00000, 0x0000000707000000|  0%| F|  |TAMS 0x0000000706e00000| PB 0x0000000706e00000| Untracked 
|  56|0x0000000707000000, 0x0000000707000000, 0x0000000707200000|  0%| F|  |TAMS 0x0000000707000000| PB 0x0000000707000000| Untracked 
|  57|0x0000000707200000, 0x0000000707200000, 0x0000000707400000|  0%| F|  |TAMS 0x0000000707200000| PB 0x0000000707200000| Untracked 
|  58|0x0000000707400000, 0x0000000707400000, 0x0000000707600000|  0%| F|  |TAMS 0x0000000707400000| PB 0x0000000707400000| Untracked 
|  59|0x0000000707600000, 0x0000000707600000, 0x0000000707800000|  0%| F|  |TAMS 0x0000000707600000| PB 0x0000000707600000| Untracked 
|  60|0x0000000707800000, 0x0000000707800000, 0x0000000707a00000|  0%| F|  |TAMS 0x0000000707800000| PB 0x0000000707800000| Untracked 
|  61|0x0000000707a00000, 0x0000000707a00000, 0x0000000707c00000|  0%| F|  |TAMS 0x0000000707a00000| PB 0x0000000707a00000| Untracked 
|  62|0x0000000707c00000, 0x0000000707d75338, 0x0000000707e00000| 72%| S|CS|TAMS 0x0000000707c00000| PB 0x0000000707c00000| Complete 
|  63|0x0000000707e00000, 0x0000000707e00000, 0x0000000708000000|  0%| F|  |TAMS 0x0000000707e00000| PB 0x0000000707e00000| Untracked 
|  64|0x0000000708000000, 0x0000000708000000, 0x0000000708200000|  0%| F|  |TAMS 0x0000000708000000| PB 0x0000000708000000| Untracked 
|  65|0x0000000708200000, 0x0000000708200000, 0x0000000708400000|  0%| F|  |TAMS 0x0000000708200000| PB 0x0000000708200000| Untracked 
|  66|0x0000000708400000, 0x0000000708400000, 0x0000000708600000|  0%| F|  |TAMS 0x0000000708400000| PB 0x0000000708400000| Untracked 
|  67|0x0000000708600000, 0x0000000708600000, 0x0000000708800000|  0%| F|  |TAMS 0x0000000708600000| PB 0x0000000708600000| Untracked 
|  68|0x0000000708800000, 0x0000000708800000, 0x0000000708a00000|  0%| F|  |TAMS 0x0000000708800000| PB 0x0000000708800000| Untracked 
|2047|0x00000007ffe00000, 0x0000000800000000, 0x0000000800000000|100%| O|  |TAMS 0x00000007ffe00000| PB 0x00000007ffe00000| Untracked 

Card table byte_map: [0x0000026dd64c0000,0x0000026dd6cc0000] _byte_map_base: 0x0000026dd2cc0000

Marking Bits: (CMBitMap*) 0x0000026dacd18ad0
 Bits: [0x0000026dd6cc0000, 0x0000026ddacc0000)

Polling page: 0x0000026dacd70000

Metaspace:

Usage:
  Non-class:     62.95 MB used.
      Class:     10.48 MB used.
       Both:     73.43 MB used.

Virtual space:
  Non-class space:      128.00 MB reserved,      64.06 MB ( 50%) committed,  2 nodes.
      Class space:        1.00 GB reserved,      11.50 MB (  1%) committed,  1 nodes.
             Both:        1.12 GB reserved,      75.56 MB (  7%) committed. 

Chunk freelists:
   Non-Class:  15.86 MB
       Class:  4.44 MB
        Both:  20.30 MB

MaxMetaspaceSize: 4.00 GB
CompressedClassSpaceSize: 1.00 GB
Initial GC threshold: 21.00 MB
Current GC threshold: 125.94 MB
CDS: on
 - commit_granule_bytes: 65536.
 - commit_granule_words: 8192.
 - virtual_space_node_default_size: 8388608.
 - enlarge_chunks_in_place: 1.
 - use_allocation_guard: 0.


Internal statistics:

num_allocs_failed_limit: 9.
num_arena_births: 3910.
num_arena_deaths: 0.
num_vsnodes_births: 3.
num_vsnodes_deaths: 0.
num_space_committed: 1209.
num_space_uncommitted: 0.
num_chunks_returned_to_freelist: 9.
num_chunks_taken_from_freelist: 7568.
num_chunk_merges: 6.
num_chunk_splits: 4812.
num_chunks_enlarged: 2864.
num_inconsistent_stats: 0.

CodeHeap 'non-profiled nmethods': size=259264Kb used=5630Kb max_used=5630Kb free=253634Kb
 bounds [0x0000026dc5730000, 0x0000026dc5cb0000, 0x0000026dd5460000]
CodeHeap 'profiled nmethods': size=259264Kb used=17330Kb max_used=17807Kb free=241933Kb
 bounds [0x0000026db5460000, 0x0000026db65d0000, 0x0000026dc5190000]
CodeHeap 'non-nmethods': size=5760Kb used=3078Kb max_used=3126Kb free=2681Kb
 bounds [0x0000026dc5190000, 0x0000026dc54b0000, 0x0000026dc5730000]
 total_blobs=10219 nmethods=9290 adapters=833
 compilation: enabled
              stopped_count=0, restarted_count=0
 full_count=0

Compilation events (20 events):
Event: 191.403 Thread 0x0000026ddd286980 nmethod 10849 0x0000026dc5cab890 code [0x0000026dc5caba20, 0x0000026dc5cabb60]
Event: 191.430 Thread 0x0000026ddd286980 10850       4       org.gradle.internal.snapshot.MerkleDirectorySnapshotBuilder::collectEntry (52 bytes)
Event: 191.437 Thread 0x0000026ddd286980 nmethod 10850 0x0000026dc5cabc90 code [0x0000026dc5cabe60, 0x0000026dc5cac308]
Event: 191.443 Thread 0x0000026ddd28a0d0 10851       3       org.gradle.internal.snapshot.VfsRelativePath::getAsString (12 bytes)
Event: 191.444 Thread 0x0000026ddd28a0d0 nmethod 10851 0x0000026db5877590 code [0x0000026db5877760, 0x0000026db5877a18]
Event: 191.612 Thread 0x0000026ddd286980 10852       4       java.lang.Enum::hashCode (21 bytes)
Event: 191.614 Thread 0x0000026ddd286980 nmethod 10852 0x0000026dc5cac590 code [0x0000026dc5cac720, 0x0000026dc5cac808]
Event: 191.641 Thread 0x0000026ddd286980 10853       4       org.gradle.cache.internal.btree.KeyHasher$MessageDigestStream::write (11 bytes)
Event: 191.643 Thread 0x0000026ddd286980 nmethod 10853 0x0000026dc5cac890 code [0x0000026dc5caca20, 0x0000026dc5cacb48]
Event: 191.665 Thread 0x0000026ddd286980 10854       4       sun.nio.fs.WindowsFileAttributes::<init> (57 bytes)
Event: 191.666 Thread 0x0000026ddd286980 nmethod 10854 0x0000026dc5cacc90 code [0x0000026dc5cace00, 0x0000026dc5cacec0]
Event: 191.697 Thread 0x0000026ddd28a0d0 10855   !   3       java.util.concurrent.ConcurrentHashMap::putVal (432 bytes)
Event: 191.699 Thread 0x0000026ddd28a0d0 nmethod 10855 0x0000026db6053910 code [0x0000026db6053ca0, 0x0000026db6055850]
Event: 191.799 Thread 0x0000026ddd286980 10856       4       java.util.TimSort::sort (229 bytes)
Event: 191.839 Thread 0x0000026ddd286980 nmethod 10856 0x0000026dc5cacf90 code [0x0000026dc5cad200, 0x0000026dc5cae450]
Event: 191.840 Thread 0x0000026ddd286980 10857       4       java.nio.ByteBuffer::allocate (20 bytes)
Event: 191.845 Thread 0x0000026ddd286980 nmethod 10857 0x0000026dc5caee90 code [0x0000026dc5caf020, 0x0000026dc5caf300]
Event: 191.862 Thread 0x0000026ddd286980 10858       4       java.util.HashMap$HashMapSpliterator::estimateSize (11 bytes)
Event: 191.864 Thread 0x0000026ddd286980 nmethod 10858 0x0000026dc5caf490 code [0x0000026dc5caf620, 0x0000026dc5caf708]
Event: 191.898 Thread 0x0000026ddd286980 10859   !   4       java.io.BufferedOutputStream::write (73 bytes)

GC Heap History (20 events):
Event: 113.901 GC heap after
{Heap after GC invocations=39 (full 0):
 garbage-first heap   total 106496K, used 66658K [0x0000000700000000, 0x0000000800000000)
  region size 2048K, 2 young (4096K), 2 survivors (4096K)
 Metaspace       used 64289K, committed 66368K, reserved 1114112K
  class space    used 9156K, committed 10176K, reserved 1048576K
}
Event: 119.339 GC heap before
{Heap before GC invocations=39 (full 0):
 garbage-first heap   total 106496K, used 91234K [0x0000000700000000, 0x0000000800000000)
  region size 2048K, 14 young (28672K), 2 survivors (4096K)
 Metaspace       used 66185K, committed 68288K, reserved 1114112K
  class space    used 9403K, committed 10432K, reserved 1048576K
}
Event: 119.354 GC heap after
{Heap after GC invocations=40 (full 0):
 garbage-first heap   total 106496K, used 68393K [0x0000000700000000, 0x0000000800000000)
  region size 2048K, 2 young (4096K), 2 survivors (4096K)
 Metaspace       used 66185K, committed 68288K, reserved 1114112K
  class space    used 9403K, committed 10432K, reserved 1048576K
}
Event: 124.155 GC heap before
{Heap before GC invocations=41 (full 0):
 garbage-first heap   total 120832K, used 90921K [0x0000000700000000, 0x0000000800000000)
  region size 2048K, 13 young (26624K), 2 survivors (4096K)
 Metaspace       used 67577K, committed 69632K, reserved 1114112K
  class space    used 9582K, committed 10624K, reserved 1048576K
}
Event: 124.164 GC heap after
{Heap after GC invocations=42 (full 0):
 garbage-first heap   total 120832K, used 69123K [0x0000000700000000, 0x0000000800000000)
  region size 2048K, 1 young (2048K), 1 survivors (2048K)
 Metaspace       used 67577K, committed 69632K, reserved 1114112K
  class space    used 9582K, committed 10624K, reserved 1048576K
}
Event: 126.238 GC heap before
{Heap before GC invocations=42 (full 0):
 garbage-first heap   total 120832K, used 108035K [0x0000000700000000, 0x0000000800000000)
  region size 2048K, 20 young (40960K), 1 survivors (2048K)
 Metaspace       used 69713K, committed 71872K, reserved 1114112K
  class space    used 9886K, committed 10944K, reserved 1048576K
}
Event: 126.263 GC heap after
{Heap after GC invocations=43 (full 0):
 garbage-first heap   total 120832K, used 72327K [0x0000000700000000, 0x0000000800000000)
  region size 2048K, 3 young (6144K), 3 survivors (6144K)
 Metaspace       used 69713K, committed 71872K, reserved 1114112K
  class space    used 9886K, committed 10944K, reserved 1048576K
}
Event: 130.210 GC heap before
{Heap before GC invocations=43 (full 0):
 garbage-first heap   total 120832K, used 105095K [0x0000000700000000, 0x0000000800000000)
  region size 2048K, 19 young (38912K), 3 survivors (6144K)
 Metaspace       used 72300K, committed 74432K, reserved 1114112K
  class space    used 10296K, committed 11328K, reserved 1048576K
}
Event: 130.230 GC heap after
{Heap after GC invocations=44 (full 0):
 garbage-first heap   total 120832K, used 75078K [0x0000000700000000, 0x0000000800000000)
  region size 2048K, 2 young (4096K), 2 survivors (4096K)
 Metaspace       used 72300K, committed 74432K, reserved 1114112K
  class space    used 10296K, committed 11328K, reserved 1048576K
}
Event: 137.932 GC heap before
{Heap before GC invocations=45 (full 0):
 garbage-first heap   total 131072K, used 105798K [0x0000000700000000, 0x0000000800000000)
  region size 2048K, 17 young (34816K), 2 survivors (4096K)
 Metaspace       used 74463K, committed 76608K, reserved 1114112K
  class space    used 10699K, committed 11776K, reserved 1048576K
}
Event: 137.949 GC heap after
{Heap after GC invocations=46 (full 0):
 garbage-first heap   total 131072K, used 78115K [0x0000000700000000, 0x0000000800000000)
  region size 2048K, 3 young (6144K), 3 survivors (6144K)
 Metaspace       used 74463K, committed 76608K, reserved 1114112K
  class space    used 10699K, committed 11776K, reserved 1048576K
}
Event: 161.318 GC heap before
{Heap before GC invocations=46 (full 0):
 garbage-first heap   total 131072K, used 112931K [0x0000000700000000, 0x0000000800000000)
  region size 2048K, 21 young (43008K), 3 survivors (6144K)
 Metaspace       used 75105K, committed 77248K, reserved 1179648K
  class space    used 10727K, committed 11776K, reserved 1048576K
}
Event: 162.553 GC heap after
{Heap after GC invocations=47 (full 0):
 garbage-first heap   total 131072K, used 81061K [0x0000000700000000, 0x0000000800000000)
  region size 2048K, 3 young (6144K), 3 survivors (6144K)
 Metaspace       used 75105K, committed 77248K, reserved 1179648K
  class space    used 10727K, committed 11776K, reserved 1048576K
}
Event: 180.608 GC heap before
{Heap before GC invocations=47 (full 0):
 garbage-first heap   total 131072K, used 113829K [0x0000000700000000, 0x0000000800000000)
  region size 2048K, 20 young (40960K), 3 survivors (6144K)
 Metaspace       used 75181K, committed 77376K, reserved 1179648K
  class space    used 10728K, committed 11776K, reserved 1048576K
}
Event: 180.729 GC heap after
{Heap after GC invocations=48 (full 0):
 garbage-first heap   total 131072K, used 83682K [0x0000000700000000, 0x0000000800000000)
  region size 2048K, 2 young (4096K), 2 survivors (4096K)
 Metaspace       used 75181K, committed 77376K, reserved 1179648K
  class space    used 10728K, committed 11776K, reserved 1048576K
}
Event: 190.874 GC heap before
{Heap before GC invocations=49 (full 0):
 garbage-first heap   total 143360K, used 114402K [0x0000000700000000, 0x0000000800000000)
  region size 2048K, 18 young (36864K), 2 survivors (4096K)
 Metaspace       used 75192K, committed 77376K, reserved 1179648K
  class space    used 10729K, committed 11776K, reserved 1048576K
}
Event: 190.913 GC heap after
{Heap after GC invocations=50 (full 0):
 garbage-first heap   total 143360K, used 84478K [0x0000000700000000, 0x0000000800000000)
  region size 2048K, 3 young (6144K), 3 survivors (6144K)
 Metaspace       used 75192K, committed 77376K, reserved 1179648K
  class space    used 10729K, committed 11776K, reserved 1048576K
}
Event: 191.043 GC heap before
{Heap before GC invocations=50 (full 0):
 garbage-first heap   total 143360K, used 86526K [0x0000000700000000, 0x0000000800000000)
  region size 2048K, 4 young (8192K), 3 survivors (6144K)
 Metaspace       used 75192K, committed 77376K, reserved 1179648K
  class space    used 10729K, committed 11776K, reserved 1048576K
}
Event: 191.071 GC heap after
{Heap after GC invocations=51 (full 0):
 garbage-first heap   total 143360K, used 84379K [0x0000000700000000, 0x0000000800000000)
  region size 2048K, 1 young (2048K), 1 survivors (2048K)
 Metaspace       used 75192K, committed 77376K, reserved 1179648K
  class space    used 10729K, committed 11776K, reserved 1048576K
}
Event: 191.899 GC heap before
{Heap before GC invocations=51 (full 0):
 garbage-first heap   total 143360K, used 94619K [0x0000000700000000, 0x0000000800000000)
  region size 2048K, 6 young (12288K), 1 survivors (2048K)
 Metaspace       used 75192K, committed 77376K, reserved 1179648K
  class space    used 10729K, committed 11776K, reserved 1048576K
}

Dll operation events (15 events):
Event: 0.036 Loaded shared library C:\Users\bhush\AppData\Local\Programs\Eclipse Adoptium\jdk-21.0.4.7-hotspot\bin\java.dll
Event: 0.101 Loaded shared library C:\Users\bhush\AppData\Local\Programs\Eclipse Adoptium\jdk-21.0.4.7-hotspot\bin\jsvml.dll
Event: 0.221 Loaded shared library C:\Users\bhush\AppData\Local\Programs\Eclipse Adoptium\jdk-21.0.4.7-hotspot\bin\zip.dll
Event: 0.231 Loaded shared library C:\Users\bhush\AppData\Local\Programs\Eclipse Adoptium\jdk-21.0.4.7-hotspot\bin\instrument.dll
Event: 0.246 Loaded shared library C:\Users\bhush\AppData\Local\Programs\Eclipse Adoptium\jdk-21.0.4.7-hotspot\bin\net.dll
Event: 0.251 Loaded shared library C:\Users\bhush\AppData\Local\Programs\Eclipse Adoptium\jdk-21.0.4.7-hotspot\bin\nio.dll
Event: 0.257 Loaded shared library C:\Users\bhush\AppData\Local\Programs\Eclipse Adoptium\jdk-21.0.4.7-hotspot\bin\zip.dll
Event: 0.798 Loaded shared library C:\Users\bhush\AppData\Local\Programs\Eclipse Adoptium\jdk-21.0.4.7-hotspot\bin\jimage.dll
Event: 1.718 Loaded shared library C:\Users\bhush\AppData\Local\Programs\Eclipse Adoptium\jdk-21.0.4.7-hotspot\bin\verify.dll
Event: 2.794 Loaded shared library C:\Users\bhush\.gradle\native\c067742578af261105cb4f569cf0c3c89f3d7b1fecec35dd04571415982c5e48\windows-amd64\native-platform.dll
Event: 2.827 Loaded shared library C:\Users\bhush\.gradle\native\100fb08df4bc3b14c8652ba06237920a3bd2aa13389f12d3474272988ae205f9\windows-amd64\native-platform-file-events.dll
Event: 7.548 Loaded shared library C:\Users\bhush\AppData\Local\Programs\Eclipse Adoptium\jdk-21.0.4.7-hotspot\bin\management.dll
Event: 7.585 Loaded shared library C:\Users\bhush\AppData\Local\Programs\Eclipse Adoptium\jdk-21.0.4.7-hotspot\bin\management_ext.dll
Event: 8.540 Loaded shared library C:\Users\bhush\AppData\Local\Programs\Eclipse Adoptium\jdk-21.0.4.7-hotspot\bin\extnet.dll
Event: 9.102 Loaded shared library C:\Users\bhush\AppData\Local\Programs\Eclipse Adoptium\jdk-21.0.4.7-hotspot\bin\sunmscapi.dll

Deoptimization events (20 events):
Event: 176.233 Thread 0x0000026e268a1be0 Uncommon trap: trap_request=0xffffff45 fr.pc=0x0000026dc5994ed0 relative=0x0000000000000270
Event: 176.233 Thread 0x0000026e268a1be0 Uncommon trap: reason=unstable_if action=reinterpret pc=0x0000026dc5994ed0 method=java.util.concurrent.ConcurrentHashMap.addCount(JI)V @ 171 c2
Event: 176.233 Thread 0x0000026e268a1be0 DEOPT PACKING pc=0x0000026dc5994ed0 sp=0x000000828ecfdfe0
Event: 176.233 Thread 0x0000026e268a1be0 DEOPT UNPACKING pc=0x0000026dc51e7da2 sp=0x000000828ecfdf20 mode 2
Event: 176.233 Thread 0x0000026e23c2d570 Uncommon trap: trap_request=0xffffffde fr.pc=0x0000026dc5a90a20 relative=0x00000000000002e0
Event: 176.233 Thread 0x0000026e23c2d570 Uncommon trap: reason=class_check action=maybe_recompile pc=0x0000026dc5a90a20 method=java.util.concurrent.ConcurrentHashMap.get(Ljava/lang/Object;)Ljava/lang/Object; @ 93 c2
Event: 176.233 Thread 0x0000026e23c2d570 DEOPT PACKING pc=0x0000026dc5a90a20 sp=0x000000828b4f7680
Event: 176.233 Thread 0x0000026e23c2d570 DEOPT UNPACKING pc=0x0000026dc51e7da2 sp=0x000000828b4f75d8 mode 2
Event: 184.471 Thread 0x0000026e23a00ba0 Uncommon trap: trap_request=0xffffff45 fr.pc=0x0000026dc5adc294 relative=0x00000000000011b4
Event: 184.471 Thread 0x0000026e23a00ba0 Uncommon trap: reason=unstable_if action=reinterpret pc=0x0000026dc5adc294 method=java.util.concurrent.locks.AbstractQueuedSynchronizer$ConditionObject.canReacquire(Ljava/util/concurrent/locks/AbstractQueuedSynchronizer$ConditionNode;)Z @ 18 c2
Event: 184.471 Thread 0x0000026e23a00ba0 DEOPT PACKING pc=0x0000026dc5adc294 sp=0x000000828b7ff0f0
Event: 184.471 Thread 0x0000026e23a00ba0 DEOPT UNPACKING pc=0x0000026dc51e7da2 sp=0x000000828b7ff010 mode 2
Event: 191.695 Thread 0x0000026e2689f480 Uncommon trap: trap_request=0xffffff45 fr.pc=0x0000026dc5c76c44 relative=0x0000000000000f24
Event: 191.695 Thread 0x0000026e2689f480 Uncommon trap: reason=unstable_if action=reinterpret pc=0x0000026dc5c76c44 method=java.util.concurrent.ConcurrentHashMap.putVal(Ljava/lang/Object;Ljava/lang/Object;Z)Ljava/lang/Object; @ 112 c2
Event: 191.695 Thread 0x0000026e2689f480 DEOPT PACKING pc=0x0000026dc5c76c44 sp=0x000000828ebfe3b0
Event: 191.695 Thread 0x0000026e2689f480 DEOPT UNPACKING pc=0x0000026dc51e7da2 sp=0x000000828ebfe330 mode 2
Event: 191.850 Thread 0x0000026e268a01a0 Uncommon trap: trap_request=0xffffff76 fr.pc=0x0000026dc5cae1c4 relative=0x0000000000000fc4
Event: 191.850 Thread 0x0000026e268a01a0 Uncommon trap: reason=predicate action=maybe_recompile pc=0x0000026dc5cae1c4 method=java.util.TimSort.reverseRange([Ljava/lang/Object;II)V @ 5 c2
Event: 191.850 Thread 0x0000026e268a01a0 DEOPT PACKING pc=0x0000026dc5cae1c4 sp=0x000000828eafd220
Event: 191.850 Thread 0x0000026e268a01a0 DEOPT UNPACKING pc=0x0000026dc51e7da2 sp=0x000000828eafd0d0 mode 2

Classes loaded (20 events):
Event: 130.243 Loading class sun/reflect/annotation/AnnotationInvocationHandler$1
Event: 130.245 Loading class sun/reflect/annotation/AnnotationInvocationHandler$1 done
Event: 130.994 Loading class java/util/TreeMap$KeySpliterator
Event: 130.995 Loading class java/util/TreeMap$TreeMapSpliterator
Event: 130.996 Loading class java/util/TreeMap$TreeMapSpliterator done
Event: 130.996 Loading class java/util/TreeMap$KeySpliterator done
Event: 131.724 Loading class java/util/stream/ReferencePipeline$4
Event: 131.725 Loading class java/util/stream/ReferencePipeline$4 done
Event: 131.726 Loading class java/util/stream/ReduceOps$6
Event: 131.727 Loading class java/util/stream/ReduceOps$6 done
Event: 131.727 Loading class java/util/stream/ReduceOps$5ReducingSink
Event: 131.728 Loading class java/util/stream/ReduceOps$5ReducingSink done
Event: 131.728 Loading class java/util/stream/ReferencePipeline$4$1
Event: 131.729 Loading class java/util/stream/ReferencePipeline$4$1 done
Event: 140.877 Loading class java/util/concurrent/ConcurrentLinkedQueue$Itr
Event: 140.880 Loading class java/util/concurrent/ConcurrentLinkedQueue$Itr done
Event: 144.861 Loading class java/util/Collections$ReverseComparator
Event: 144.866 Loading class java/util/Collections$ReverseComparator done
Event: 144.866 Loading class java/util/Collections$ReverseComparator2
Event: 144.870 Loading class java/util/Collections$ReverseComparator2 done

Classes unloaded (0 events):
No events

Classes redefined (0 events):
No events

Internal exceptions (20 events):
Event: 130.974 Thread 0x0000026e25d981d0 Exception <a 'java/lang/NoSuchMethodError'{0x00000007079d9e98}: 'java.lang.Object java.lang.invoke.DirectMethodHandle$Holder.invokeVirtual(java.lang.Object, java.lang.Object, java.lang.Object, java.lang.Object, java.lang.Object, java.lang.Object, java.lang.Object, java.lang.Object, java.lang.Object, java.lang.Object, java.lang.Object, java.lang.Object, java.lang.Object, java.lang.Object, java.lang.Object, java.lang.Object, java.lang.Object, java.lang.Object, java.lang.Object)'> (0x00000007079d9e98) 
thrown
Event: 131.018 Thread 0x0000026e23a00ba0 Exception <a 'java/lang/NoSuchMethodError'{0x00000007076aa1c0}: static Lorg/gradle/internal/build/event/types/DefaultTaskStartedProgressEvent;.<clinit>()V> (0x00000007076aa1c0) 
thrown [s\src\hotspot\share\prims\jni.cpp, line 1111]
Event: 131.020 Thread 0x0000026e23a00ba0 Exception <a 'java/lang/NoSuchMethodError'{0x00000007076c9e50}: static Lorg/gradle/internal/build/event/types/DefaultTaskDescriptor;.<clinit>()V> (0x00000007076c9e50) 
thrown [s\src\hotspot\share\prims\jni.cpp, line 1111]
Event: 131.400 Thread 0x0000026e23a00ba0 Exception <a 'java/lang/NoSuchMethodError'{0x00000007074bb760}: static Lorg/gradle/internal/build/event/types/DefaultTaskFinishedProgressEvent;.<clinit>()V> (0x00000007074bb760) 
thrown [s\src\hotspot\share\prims\jni.cpp, line 1111]
Event: 131.415 Thread 0x0000026e23a00ba0 Exception <a 'java/lang/NoSuchMethodError'{0x00000007074d9150}: static Lorg/gradle/internal/build/event/types/DefaultTaskSuccessResult;.<clinit>()V> (0x00000007074d9150) 
thrown [s\src\hotspot\share\prims\jni.cpp, line 1111]
Event: 131.415 Thread 0x0000026e23a00ba0 Exception <a 'java/lang/NoSuchMethodError'{0x00000007074da870}: static Lorg/gradle/internal/build/event/types/AbstractTaskResult;.<clinit>()V> (0x00000007074da870) 
thrown [s\src\hotspot\share\prims\jni.cpp, line 1111]
Event: 131.425 Thread 0x0000026e25d981d0 Exception <a 'java/lang/NoSuchMethodError'{0x00000007074b1af8}: 'void java.lang.invoke.DirectMethodHandle$Holder.invokeSpecial(java.lang.Object, java.lang.Object, java.lang.Object, java.lang.Object, int, java.lang.Object, java.lang.Object)'> (0x00000007074b1af8) 
thrown [s\src\hotspot\share\interpreter\linkResolver.cpp, line 773]
Event: 131.430 Thread 0x0000026e23a00ba0 Exception <a 'java/lang/NoSuchMethodError'{0x00000007074f2770}: static [Ljava/lang/Object;.<clinit>()V> (0x00000007074f2770) 
thrown [s\src\hotspot\share\prims\jni.cpp, line 1111]
Event: 131.775 Thread 0x0000026e25d981d0 Exception <a 'java/lang/NoSuchMethodError'{0x0000000706f14480}: 'int java.lang.invoke.DirectMethodHandle$Holder.invokeSpecial(java.lang.Object, java.lang.Object, java.lang.Object, java.lang.Object, java.lang.Object)'> (0x0000000706f14480) 
thrown [s\src\hotspot\share\interpreter\linkResolver.cpp, line 773]
Event: 132.187 Thread 0x0000026e25d981d0 Exception <a 'java/lang/IncompatibleClassChangeError'{0x0000000706ce1f50}: Found class java.lang.Object, but interface was expected> (0x0000000706ce1f50) 
thrown [s\src\hotspot\share\interpreter\linkResolver.cpp, line 840]
Event: 137.533 Thread 0x0000026e25d981d0 Exception <a 'java/lang/NoSuchMethodError'{0x00000007063620f0}: 'int java.lang.invoke.DirectMethodHandle$Holder.invokeStaticInit(java.lang.Object, java.lang.Object, java.lang.Object, java.lang.Object, java.lang.Object)'> (0x00000007063620f0) 
thrown [s\src\hotspot\share\interpreter\linkResolver.cpp, line 773]
Event: 137.749 Thread 0x0000026e25d981d0 Exception <a 'sun/nio/fs/WindowsException'{0x000000070607ce88}> (0x000000070607ce88) 
thrown [s\src\hotspot\share\prims\jni.cpp, line 520]
Event: 137.757 Thread 0x0000026e25d981d0 Exception <a 'sun/nio/fs/WindowsException'{0x000000070607f148}> (0x000000070607f148) 
thrown [s\src\hotspot\share\prims\jni.cpp, line 520]
Event: 137.758 Thread 0x0000026e25d981d0 Exception <a 'sun/nio/fs/WindowsException'{0x00000007060810e8}> (0x00000007060810e8) 
thrown [s\src\hotspot\share\prims\jni.cpp, line 520]
Event: 137.761 Thread 0x0000026e25d981d0 Exception <a 'sun/nio/fs/WindowsException'{0x0000000706082db0}> (0x0000000706082db0) 
thrown [s\src\hotspot\share\prims\jni.cpp, line 520]
Event: 137.768 Thread 0x0000026e23a00ba0 Exception <a 'java/lang/NoSuchMethodError'{0x00000007060d6040}: static Lorg/gradle/internal/build/event/types/DefaultTaskSkippedResult;.<clinit>()V> (0x00000007060d6040) 
thrown [s\src\hotspot\share\prims\jni.cpp, line 1111]
Event: 137.862 Thread 0x0000026e25d98860 Exception <a 'sun/nio/fs/WindowsException'{0x00000007078fc7d0}> (0x00000007078fc7d0) 
thrown [s\src\hotspot\share\prims\jni.cpp, line 520]
Event: 137.978 Thread 0x0000026e25d98860 Exception <a 'java/lang/NoSuchMethodError'{0x0000000707c99ad8}: static Ljava/lang/Object;.<clinit>()V> (0x0000000707c99ad8) 
thrown [s\src\hotspot\share\prims\jni.cpp, line 1111]
Event: 147.664 Thread 0x0000026e2689b2e0 Implicit null exception at 0x0000026dc5bf923d to 0x0000026dc5bf92b1
Event: 151.297 Thread 0x0000026e268a0ec0 Implicit null exception at 0x0000026dc5c2cfa9 to 0x0000026dc5c2de28

ZGC Phase Switch (0 events):
No events

VM Operations (20 events):
Event: 181.871 Executing VM operation: G1PauseRemark done
Event: 181.968 Executing VM operation: G1PauseCleanup
Event: 181.972 Executing VM operation: G1PauseCleanup done
Event: 183.984 Executing VM operation: Cleanup
Event: 184.047 Executing VM operation: Cleanup done
Event: 185.049 Executing VM operation: Cleanup
Event: 185.081 Executing VM operation: Cleanup done
Event: 186.092 Executing VM operation: Cleanup
Event: 186.093 Executing VM operation: Cleanup done
Event: 187.103 Executing VM operation: Cleanup
Event: 187.150 Executing VM operation: Cleanup done
Event: 188.151 Executing VM operation: Cleanup
Event: 188.276 Executing VM operation: Cleanup done
Event: 189.286 Executing VM operation: Cleanup
Event: 189.350 Executing VM operation: Cleanup done
Event: 190.871 Executing VM operation: G1CollectForAllocation (G1 Evacuation Pause)
Event: 190.914 Executing VM operation: G1CollectForAllocation (G1 Evacuation Pause) done
Event: 191.043 Executing VM operation: G1CollectForAllocation (G1 Evacuation Pause)
Event: 191.071 Executing VM operation: G1CollectForAllocation (G1 Evacuation Pause) done
Event: 191.899 Executing VM operation: G1CollectForAllocation (G1 Evacuation Pause)

Memory protections (0 events):
No events

Nmethod flushes (20 events):
Event: 181.848 Thread 0x0000026ddd2523d0 flushing  nmethod 0x0000026db5a9dc10
Event: 181.848 Thread 0x0000026ddd2523d0 flushing  nmethod 0x0000026db5af5610
Event: 181.848 Thread 0x0000026ddd2523d0 flushing  nmethod 0x0000026db5af6390
Event: 181.848 Thread 0x0000026ddd2523d0 flushing  nmethod 0x0000026db5b20090
Event: 181.849 Thread 0x0000026ddd2523d0 flushing  nmethod 0x0000026db5bd4910
Event: 181.849 Thread 0x0000026ddd2523d0 flushing  nmethod 0x0000026db5c16e90
Event: 181.849 Thread 0x0000026ddd2523d0 flushing  nmethod 0x0000026db5c21790
Event: 181.849 Thread 0x0000026ddd2523d0 flushing  nmethod 0x0000026db5c6aa10
Event: 181.849 Thread 0x0000026ddd2523d0 flushing  nmethod 0x0000026db5c6cc90
Event: 181.850 Thread 0x0000026ddd2523d0 flushing  nmethod 0x0000026db5c70990
Event: 181.850 Thread 0x0000026ddd2523d0 flushing  nmethod 0x0000026db5c83490
Event: 181.850 Thread 0x0000026ddd2523d0 flushing  nmethod 0x0000026db5d07990
Event: 181.850 Thread 0x0000026ddd2523d0 flushing  nmethod 0x0000026db5d79a90
Event: 181.851 Thread 0x0000026ddd2523d0 flushing  nmethod 0x0000026db5dbe510
Event: 181.851 Thread 0x0000026ddd2523d0 flushing  nmethod 0x0000026db5ea7690
Event: 181.851 Thread 0x0000026ddd2523d0 flushing  nmethod 0x0000026db604f310
Event: 181.851 Thread 0x0000026ddd2523d0 flushing  nmethod 0x0000026db6053910
Event: 181.851 Thread 0x0000026ddd2523d0 flushing  nmethod 0x0000026db6120690
Event: 181.851 Thread 0x0000026ddd2523d0 flushing  nmethod 0x0000026db6127610
Event: 181.851 Thread 0x0000026ddd2523d0 flushing  nmethod 0x0000026db6138c10

Events (20 events):
Event: 133.508 Thread 0x0000026e25d981d0 Thread added: 0x0000026e25d9a2a0
Event: 133.508 Thread 0x0000026e25d981d0 Thread added: 0x0000026e23967a60
Event: 133.766 Thread 0x0000026e25d981d0 Thread added: 0x0000026e239680f0
Event: 133.769 Thread 0x0000026e25d981d0 Thread added: 0x0000026e2689e0d0
Event: 133.849 Thread 0x0000026e25d981d0 Thread added: 0x0000026e2689cd20
Event: 137.046 Thread 0x0000026e25d981d0 Thread added: 0x0000026e2689c000
Event: 137.048 Thread 0x0000026e25d981d0 Thread added: 0x0000026e2689c690
Event: 137.051 Thread 0x0000026e25d981d0 Thread added: 0x0000026e2689d3b0
Event: 137.285 Thread 0x0000026e25d981d0 Thread added: 0x0000026e2689da40
Event: 137.286 Thread 0x0000026e25d981d0 Thread added: 0x0000026e2689ac50
Event: 137.286 Thread 0x0000026e25d981d0 Thread added: 0x0000026e2689b970
Event: 147.511 Thread 0x0000026e23c2d570 Thread added: 0x0000026e2689e760
Event: 147.589 Thread 0x0000026e23c2d570 Thread added: 0x0000026e2689b2e0
Event: 147.590 Thread 0x0000026e23c2d570 Thread added: 0x0000026e2689fb10
Event: 151.255 Thread 0x0000026e23c2d570 Thread added: 0x0000026e2689edf0
Event: 151.263 Thread 0x0000026e23c2d570 Thread added: 0x0000026e268a1550
Event: 151.285 Thread 0x0000026e23c2d570 Thread added: 0x0000026e268a0ec0
Event: 174.137 Thread 0x0000026e23c2d570 Thread added: 0x0000026e268a01a0
Event: 174.151 Thread 0x0000026e23c2d570 Thread added: 0x0000026e2689f480
Event: 174.154 Thread 0x0000026e23c2d570 Thread added: 0x0000026e268a1be0


Dynamic libraries:
0x00007ff78cc30000 - 0x00007ff78cc3e000 	C:\Users\bhush\AppData\Local\Programs\Eclipse Adoptium\jdk-21.0.4.7-hotspot\bin\java.exe
0x00007ffe28880000 - 0x00007ffe28ae3000 	C:\WINDOWS\SYSTEM32\ntdll.dll
0x00007ffe278e0000 - 0x00007ffe279a7000 	C:\WINDOWS\System32\KERNEL32.DLL
0x00007ffe26050000 - 0x00007ffe26419000 	C:\WINDOWS\System32\KERNELBASE.dll
0x00007ffe264c0000 - 0x00007ffe2660c000 	C:\WINDOWS\System32\ucrtbase.dll
0x00007ffe0cbf0000 - 0x00007ffe0cc08000 	C:\Users\bhush\AppData\Local\Programs\Eclipse Adoptium\jdk-21.0.4.7-hotspot\bin\jli.dll
0x00007ffe285c0000 - 0x00007ffe2878a000 	C:\WINDOWS\System32\USER32.dll
0x00007ffe25a80000 - 0x00007ffe25aa7000 	C:\WINDOWS\System32\win32u.dll
0x00007ffe28310000 - 0x00007ffe2833a000 	C:\WINDOWS\System32\GDI32.dll
0x00007ffe25cd0000 - 0x00007ffe25e01000 	C:\WINDOWS\System32\gdi32full.dll
0x00007ffe25c20000 - 0x00007ffe25cc3000 	C:\WINDOWS\System32\msvcp_win.dll
0x00007ffe024c0000 - 0x00007ffe02750000 	C:\WINDOWS\WinSxS\amd64_microsoft.windows.common-controls_6595b64144ccf1df_6.0.26100.3323_none_3e088096e3344490\COMCTL32.dll
0x00007ffe28790000 - 0x00007ffe28839000 	C:\WINDOWS\System32\msvcrt.dll
0x00007ffe083d0000 - 0x00007ffe083eb000 	C:\Users\bhush\AppData\Local\Programs\Eclipse Adoptium\jdk-21.0.4.7-hotspot\bin\VCRUNTIME140.dll
0x00007ffe27770000 - 0x00007ffe2779f000 	C:\WINDOWS\System32\IMM32.DLL
0x00007ffe1f5c0000 - 0x00007ffe1f5cc000 	C:\Users\bhush\AppData\Local\Programs\Eclipse Adoptium\jdk-21.0.4.7-hotspot\bin\vcruntime140_1.dll
0x00007ffdecae0000 - 0x00007ffdecb6e000 	C:\Users\bhush\AppData\Local\Programs\Eclipse Adoptium\jdk-21.0.4.7-hotspot\bin\msvcp140.dll
0x00007ffda8410000 - 0x00007ffda9198000 	C:\Users\bhush\AppData\Local\Programs\Eclipse Adoptium\jdk-21.0.4.7-hotspot\bin\server\jvm.dll
0x00007ffe275a0000 - 0x00007ffe27652000 	C:\WINDOWS\System32\ADVAPI32.dll
0x00007ffe28230000 - 0x00007ffe282d6000 	C:\WINDOWS\System32\sechost.dll
0x00007ffe26c20000 - 0x00007ffe26d36000 	C:\WINDOWS\System32\RPCRT4.dll
0x00007ffe26d40000 - 0x00007ffe26db4000 	C:\WINDOWS\System32\WS2_32.dll
0x00007ffe25910000 - 0x00007ffe2595e000 	C:\WINDOWS\SYSTEM32\POWRPROF.dll
0x00007ffe0b2b0000 - 0x00007ffe0b2e6000 	C:\WINDOWS\SYSTEM32\WINMM.dll
0x00007ffe1fc20000 - 0x00007ffe1fc2b000 	C:\WINDOWS\SYSTEM32\VERSION.dll
0x00007ffe258f0000 - 0x00007ffe25904000 	C:\WINDOWS\SYSTEM32\UMPDC.dll
0x00007ffe24870000 - 0x00007ffe2488a000 	C:\WINDOWS\SYSTEM32\kernel.appcore.dll
0x00007ffe1dfc0000 - 0x00007ffe1dfca000 	C:\Users\bhush\AppData\Local\Programs\Eclipse Adoptium\jdk-21.0.4.7-hotspot\bin\jimage.dll
0x00007ffe234d0000 - 0x00007ffe23711000 	C:\WINDOWS\SYSTEM32\DBGHELP.DLL
0x00007ffe26890000 - 0x00007ffe26c12000 	C:\WINDOWS\System32\combase.dll
0x00007ffe277b0000 - 0x00007ffe27886000 	C:\WINDOWS\System32\OLEAUT32.dll
0x00007ffe059a0000 - 0x00007ffe059d9000 	C:\WINDOWS\SYSTEM32\dbgcore.DLL
0x00007ffe26420000 - 0x00007ffe264b9000 	C:\WINDOWS\System32\bcryptPrimitives.dll
0x00007ffe1f7a0000 - 0x00007ffe1f7af000 	C:\Users\bhush\AppData\Local\Programs\Eclipse Adoptium\jdk-21.0.4.7-hotspot\bin\instrument.dll
0x00007ffdfd420000 - 0x00007ffdfd43f000 	C:\Users\bhush\AppData\Local\Programs\Eclipse Adoptium\jdk-21.0.4.7-hotspot\bin\java.dll
0x00007ffe279b0000 - 0x00007ffe280c5000 	C:\WINDOWS\System32\SHELL32.dll
0x00007ffe25ab0000 - 0x00007ffe25c18000 	C:\WINDOWS\System32\wintypes.dll
0x00007ffe23740000 - 0x00007ffe23f85000 	C:\WINDOWS\SYSTEM32\windows.storage.dll
0x00007ffe26730000 - 0x00007ffe2681b000 	C:\WINDOWS\System32\SHCORE.dll
0x00007ffe26820000 - 0x00007ffe2687d000 	C:\WINDOWS\System32\shlwapi.dll
0x00007ffe25990000 - 0x00007ffe259bf000 	C:\WINDOWS\SYSTEM32\profapi.dll
0x00007ffdd0810000 - 0x00007ffdd08e7000 	C:\Users\bhush\AppData\Local\Programs\Eclipse Adoptium\jdk-21.0.4.7-hotspot\bin\jsvml.dll
0x00007ffdfd390000 - 0x00007ffdfd3a8000 	C:\Users\bhush\AppData\Local\Programs\Eclipse Adoptium\jdk-21.0.4.7-hotspot\bin\zip.dll
0x00007ffe15620000 - 0x00007ffe15630000 	C:\Users\bhush\AppData\Local\Programs\Eclipse Adoptium\jdk-21.0.4.7-hotspot\bin\net.dll
0x00007ffe1eda0000 - 0x00007ffe1eebe000 	C:\WINDOWS\SYSTEM32\WINHTTP.dll
0x00007ffe24dc0000 - 0x00007ffe24e2a000 	C:\WINDOWS\system32\mswsock.dll
0x00007ffdfd400000 - 0x00007ffdfd416000 	C:\Users\bhush\AppData\Local\Programs\Eclipse Adoptium\jdk-21.0.4.7-hotspot\bin\nio.dll
0x00007ffe15340000 - 0x00007ffe15350000 	C:\Users\bhush\AppData\Local\Programs\Eclipse Adoptium\jdk-21.0.4.7-hotspot\bin\verify.dll
0x00007ffdd9d90000 - 0x00007ffdd9db7000 	C:\Users\bhush\.gradle\native\c067742578af261105cb4f569cf0c3c89f3d7b1fecec35dd04571415982c5e48\windows-amd64\native-platform.dll
0x00007ffde1e90000 - 0x00007ffde1fd4000 	C:\Users\bhush\.gradle\native\100fb08df4bc3b14c8652ba06237920a3bd2aa13389f12d3474272988ae205f9\windows-amd64\native-platform-file-events.dll
0x00007ffe15280000 - 0x00007ffe1528a000 	C:\Users\bhush\AppData\Local\Programs\Eclipse Adoptium\jdk-21.0.4.7-hotspot\bin\management.dll
0x00007ffe083c0000 - 0x00007ffe083cb000 	C:\Users\bhush\AppData\Local\Programs\Eclipse Adoptium\jdk-21.0.4.7-hotspot\bin\management_ext.dll
0x00007ffe26f60000 - 0x00007ffe26f68000 	C:\WINDOWS\System32\PSAPI.DLL
0x00007ffe25070000 - 0x00007ffe2508c000 	C:\WINDOWS\SYSTEM32\CRYPTSP.dll
0x00007ffe247d0000 - 0x00007ffe2480a000 	C:\WINDOWS\system32\rsaenh.dll
0x00007ffe24e60000 - 0x00007ffe24e8b000 	C:\WINDOWS\SYSTEM32\USERENV.dll
0x00007ffe252a0000 - 0x00007ffe252c6000 	C:\WINDOWS\SYSTEM32\bcrypt.dll
0x00007ffe25060000 - 0x00007ffe2506c000 	C:\WINDOWS\SYSTEM32\CRYPTBASE.dll
0x00007ffe242d0000 - 0x00007ffe24303000 	C:\WINDOWS\SYSTEM32\IPHLPAPI.DLL
0x00007ffe26880000 - 0x00007ffe2688a000 	C:\WINDOWS\System32\NSI.dll
0x00007ffe039e0000 - 0x00007ffe039e9000 	C:\Users\bhush\AppData\Local\Programs\Eclipse Adoptium\jdk-21.0.4.7-hotspot\bin\extnet.dll
0x00007ffdfea70000 - 0x00007ffdfea7e000 	C:\Users\bhush\AppData\Local\Programs\Eclipse Adoptium\jdk-21.0.4.7-hotspot\bin\sunmscapi.dll
0x00007ffe25ed0000 - 0x00007ffe26047000 	C:\WINDOWS\System32\CRYPT32.dll
0x00007ffe25260000 - 0x00007ffe25290000 	C:\WINDOWS\SYSTEM32\ncrypt.dll
0x00007ffe25210000 - 0x00007ffe2524f000 	C:\WINDOWS\SYSTEM32\NTASN1.dll
0x00007ffe1f860000 - 0x00007ffe1f868000 	C:\WINDOWS\system32\wshunix.dll
0x00007ffe02f60000 - 0x00007ffe02f78000 	C:\WINDOWS\system32\napinsp.dll
0x00007ffe24370000 - 0x00007ffe24495000 	C:\WINDOWS\SYSTEM32\DNSAPI.dll
0x00007ffe02dc0000 - 0x00007ffe02dd2000 	C:\WINDOWS\System32\winrnr.dll
0x00007ffe02c30000 - 0x00007ffe02c52000 	C:\WINDOWS\system32\nlansp_c.dll
0x00007ffe02c10000 - 0x00007ffe02c26000 	C:\WINDOWS\system32\wshbth.dll
0x00007ffe10990000 - 0x00007ffe1099b000 	C:\Windows\System32\rasadhlp.dll
0x00007ffe1e480000 - 0x00007ffe1e505000 	C:\WINDOWS\System32\fwpuclnt.dll

dbghelp: loaded successfully - version: 4.0.5 - missing functions: none
symbol engine: initialized successfully - sym options: 0x614 - pdb path: .;C:\Users\bhush\AppData\Local\Programs\Eclipse Adoptium\jdk-21.0.4.7-hotspot\bin;C:\WINDOWS\SYSTEM32;C:\WINDOWS\WinSxS\amd64_microsoft.windows.common-controls_6595b64144ccf1df_6.0.26100.3323_none_3e088096e3344490;C:\Users\bhush\AppData\Local\Programs\Eclipse Adoptium\jdk-21.0.4.7-hotspot\bin\server;C:\Users\bhush\.gradle\native\c067742578af261105cb4f569cf0c3c89f3d7b1fecec35dd04571415982c5e48\windows-amd64;C:\Users\bhush\.gradle\native\100fb08df4bc3b14c8652ba06237920a3bd2aa13389f12d3474272988ae205f9\windows-amd64

VM Arguments:
jvm_args: -XX:MaxMetaspaceSize=4G -XX:ReservedCodeCacheSize=512m -XX:+HeapDumpOnOutOfMemoryError --add-opens=java.base/java.util=ALL-UNNAMED --add-opens=java.base/java.lang=ALL-UNNAMED --add-opens=java.base/java.lang.invoke=ALL-UNNAMED --add-opens=java.prefs/java.util.prefs=ALL-UNNAMED --add-exports=jdk.compiler/com.sun.tools.javac.api=ALL-UNNAMED --add-exports=jdk.compiler/com.sun.tools.javac.util=ALL-UNNAMED --add-opens=java.base/java.nio.charset=ALL-UNNAMED --add-opens=java.base/java.net=ALL-UNNAMED --add-opens=java.base/java.util.concurrent.atomic=ALL-UNNAMED -Xmx4G -Dfile.encoding=utf8 -Duser.country=US -Duser.language=en -Duser.variant -javaagent:C:\Users\bhush\.gradle\wrapper\dists\gradle-8.10.2-all\7iv73wktx1xtkvlq19urqw1wm\gradle-8.10.2\lib\agents\gradle-instrumentation-agent-8.10.2.jar 
java_command: org.gradle.launcher.daemon.bootstrap.GradleDaemon 8.10.2
java_class_path (initial): C:\Users\bhush\.gradle\wrapper\dists\gradle-8.10.2-all\7iv73wktx1xtkvlq19urqw1wm\gradle-8.10.2\lib\gradle-daemon-main-8.10.2.jar
Launcher Type: SUN_STANDARD

[Global flags]
     intx CICompilerCount                          = 3                                         {product} {ergonomic}
     uint ConcGCThreads                            = 1                                         {product} {ergonomic}
     uint G1ConcRefinementThreads                  = 4                                         {product} {ergonomic}
   size_t G1HeapRegionSize                         = 2097152                                   {product} {ergonomic}
    uintx GCDrainStackTargetSize                   = 64                                        {product} {ergonomic}
     bool HeapDumpOnOutOfMemoryError               = true                                   {manageable} {command line}
   size_t InitialHeapSize                          = 62914560                                  {product} {ergonomic}
   size_t MarkStackSize                            = 4194304                                   {product} {ergonomic}
   size_t MaxHeapSize                              = 4294967296                                {product} {command line}
   size_t MaxMetaspaceSize                         = 4294967296                                {product} {command line}
   size_t MaxNewSize                               = 2575302656                                {product} {ergonomic}
   size_t MinHeapDeltaBytes                        = 2097152                                   {product} {ergonomic}
   size_t MinHeapSize                              = 8388608                                   {product} {ergonomic}
    uintx NonNMethodCodeHeapSize                   = 5832780                                {pd product} {ergonomic}
    uintx NonProfiledCodeHeapSize                  = 265519066                              {pd product} {ergonomic}
    uintx ProfiledCodeHeapSize                     = 265519066                              {pd product} {ergonomic}
    uintx ReservedCodeCacheSize                    = 536870912                              {pd product} {command line}
     bool SegmentedCodeCache                       = true                                      {product} {ergonomic}
   size_t SoftMaxHeapSize                          = 4294967296                             {manageable} {ergonomic}
     bool UseCompressedOops                        = true                           {product lp64_product} {ergonomic}
     bool UseG1GC                                  = true                                      {product} {ergonomic}
     bool UseLargePagesIndividualAllocation        = false                                  {pd product} {ergonomic}

Logging:
Log output configuration:
 #0: stdout all=warning uptime,level,tags foldmultilines=false
 #1: stderr all=off uptime,level,tags foldmultilines=false

Environment Variables:
JAVA_HOME=C:\Users\bhush\AppData\Local\Programs\Eclipse Adoptium\jdk-21.0.4.7-hotspot\
PATH=C:\Program Files\Microsoft MPI\Bin\;C:\Program Files\Common Files\Oracle\Java\javapath;C:\Program Files (x86)\Common Files\Oracle\Java\java8path;C:\Program Files (x86)\Common Files\Oracle\Java\javapath;C:\WINDOWS\system32;C:\WINDOWS;C:\WINDOWS\System32\Wbem;C:\WINDOWS\System32\WindowsPowerShell\v1.0\;C:\WINDOWS\System32\OpenSSH\;C:\Program Files\dotnet\;C:\Users\bhush\react-firechat;C:\Program Files\nodejs\;C:\Users\bhush\AppData\Local\Programs\Python\Python312\Lib\site-packages\npm;C:\Program Files\HP\HP One Agent;C:\Program Files\Git\cmd;C:\Terraform;C:\Program Files\Docker\Docker\resources\bin;C:\Program Files\Kubernetes\Minikube;C:\WINDOWS\system32;C:\WINDOWS;C:\WINDOWS\System32\Wbem;C:\WINDOWS\System32\WindowsPowerShell\v1.0\;C:\WINDOWS\System32\OpenSSH\;C:\Program Files\Microsoft SQL Server\Client SDK\ODBC\170\Tools\Binn\;C:\Program Files\Microsoft SQL Server\130\DTS\Binn\;C:\Program Files\Microsoft SQL Server\140\DTS\Binn\;C:\Program Files\Microsoft SQL Server\150\DTS\Binn\;C:\Program Files\Microsoft SQL Server\160\DTS\Binn\;C:\Program Files (x86)\Microsoft SQL Server\160\DTS\Binn\;C:\Program Files (x86)\Microsoft SQL Server\160\Tools\Binn\;C:\Program Files\Microsoft SQL Server\160\Tools\Binn\;C:\Program Files\Microsoft SQL Server\150\Tools\Binn\;C:\Users\bhush\AppData\Roaming\npm;D:\Flutter\flutter\bin;D:\Android\android-sdk\cmdline-tools\bin;D:\Android\android-sdk\platform-tools;C:\Users\bhush\AppData\Local\Programs\Eclipse Adoptium\jdk-21.0.4.7-hotspot\bin;D:\python12\Scripts\;D:\python12\;C:\Users\bhush\AppData\Local\Programs\Python\Python312\Scripts\;C:\Users\bhush\AppData\Local\Programs\Python\Python312\;C:\Program Files\MySQL\MySQL Server 8.0\bin;C:\Users\bhush\AppData\Local\Programs\Python\Python311\Scripts\;C:\Users\bhush\AppData\Local\Programs\Python\Python311\;C:\Users\bhush\AppData\Local\Microsoft\WindowsApps;C:\Users\bhush\AppData\Local\Programs\Microsoft VS Code\bin;C:\msys64\mingw64\bin;C:\Program Files\JetBrains\IntelliJ IDEA 2023.2\bin;;C:\Users\bhush\AppData\Local\GitHubDesktop\bin;C:\Program Files\JetBrains\IntelliJ IDEA Community Edition 2023.2\bin;;C:\Users\bhush\AppData\Roaming\npm;C:\Program Files\Git\cmd;C:\Program Files\Git\bin;C:\Program Files\Java\jdk-21\bin;C:\Users\bhush\AppData\Local\Microsoft\WinGet\Packages\Kubernetes.kubectl_Microsoft.Winget.Source_8wekyb3d8bbwe;C:\Users\bhush\AppData\Local\Programs\mongosh\;D:\Flutter\flutter\bin;
USERNAME=bhush
OS=Windows_NT
PROCESSOR_IDENTIFIER=Intel64 Family 6 Model 126 Stepping 5, GenuineIntel
TMP=C:\Users\bhush\AppData\Local\Temp
TEMP=C:\Users\bhush\AppData\Local\Temp




Periodic native trim disabled

---------------  S Y S T E M  ---------------

OS:
 Windows 11 , 64 bit Build 26100 (10.0.26100.3323)
OS uptime: 8 days 3:31 hours
Hyper-V role detected

CPU: total 4 (initial active 4) (2 cores per cpu, 2 threads per core) family 6 model 126 stepping 5 microcode 0xc6, cx8, cmov, fxsr, ht, mmx, 3dnowpref, sse, sse2, sse3, ssse3, sse4.1, sse4.2, popcnt, lzcnt, tsc, tscinvbit, avx, avx2, aes, erms, clmul, bmi1, bmi2, adx, avx512f, avx512dq, avx512cd, avx512bw, avx512vl, sha, fma, vzeroupper, avx512_vpopcntdq, avx512_vpclmulqdq, avx512_vaes, avx512_vnni, clflush, clflushopt, avx512_vbmi2, avx512_vbmi, hv, rdtscp, rdpid, fsrm, gfni, avx512_bitalg, f16c, avx512_ifma
Processor Information for all 4 processors :
  Max Mhz: 1201, Current Mhz: 1201, Mhz Limit: 1201

Memory: 4k page, system-wide physical 3783M (242M free)
TotalPageFile size 15559M (AvailPageFile size 115M)
current process WorkingSet (physical memory assigned to process): 146M, peak: 269M
current process commit charge ("private bytes"): 391M, peak: 509M

vm_info: OpenJDK 64-Bit Server VM (21.0.4+7-LTS) for windows-amd64 JRE (21.0.4+7-LTS), built on 2024-07-16T00:00:00Z by "admin" with MS VC++ 17.7 (VS2022)

END.
