#
# There is insufficient memory for the Java Runtime Environment to continue.
# Native memory allocation (malloc) failed to allocate 1779536 bytes. Error detail: Chunk::new
# Possible reasons:
#   The system is out of physical RAM or swap space
#   This process is running with CompressedOops enabled, and the Java Heap may be blocking the growth of the native heap
# Possible solutions:
#   Reduce memory load on the system
#   Increase physical memory or swap space
#   Check if swap backing store is full
#   Decrease Java heap size (-Xmx/-Xms)
#   Decrease number of Java threads
#   Decrease Java thread stack sizes (-Xss)
#   Set larger code cache with -XX:ReservedCodeCacheSize=
#   JVM is running with Zero Based Compressed Oops mode in which the Java heap is
#     placed in the first 32GB address space. The Java Heap base address is the
#     maximum limit for the native heap growth. Please use -XX:HeapBaseMinAddress
#     to set the Java Heap base and to place the Java Heap above 32GB virtual address.
# This output file may be truncated or incomplete.
#
#  Out of Memory Error (arena.cpp:168), pid=8100, tid=16188
#
# JRE version: OpenJDK Runtime Environment Temurin-21.0.4+7 (21.0.4+7) (build 21.0.4+7-LTS)
# Java VM: OpenJDK 64-Bit Server VM Temurin-21.0.4+7 (21.0.4+7-LTS, mixed mode, sharing, tiered, compressed oops, compressed class ptrs, g1 gc, windows-amd64)
# No core dump will be written. Minidumps are not enabled by default on client versions of Windows
#

---------------  S U M M A R Y ------------

Command Line: -XX:MaxMetaspaceSize=4G -XX:ReservedCodeCacheSize=512m -XX:+HeapDumpOnOutOfMemoryError --add-opens=java.base/java.util=ALL-UNNAMED --add-opens=java.base/java.lang=ALL-UNNAMED --add-opens=java.base/java.lang.invoke=ALL-UNNAMED --add-opens=java.prefs/java.util.prefs=ALL-UNNAMED --add-exports=jdk.compiler/com.sun.tools.javac.api=ALL-UNNAMED --add-exports=jdk.compiler/com.sun.tools.javac.util=ALL-UNNAMED --add-opens=java.base/java.nio.charset=ALL-UNNAMED --add-opens=java.base/java.net=ALL-UNNAMED --add-opens=java.base/java.util.concurrent.atomic=ALL-UNNAMED -Xmx4G -Dfile.encoding=utf8 -Duser.country=US -Duser.language=en -Duser.variant -javaagent:C:\Users\bhush\.gradle\wrapper\dists\gradle-8.10.2-all\7iv73wktx1xtkvlq19urqw1wm\gradle-8.10.2\lib\agents\gradle-instrumentation-agent-8.10.2.jar org.gradle.launcher.daemon.bootstrap.GradleDaemon 8.10.2

Host: Intel(R) Core(TM) i3-1005G1 CPU @ 1.20GHz, 4 cores, 3G,  Windows 11 , 64 bit Build 26100 (10.0.26100.3323)
Time: Mon Mar 24 23:56:13 2025 India Standard Time elapsed time: 128.788485 seconds (0d 0h 2m 8s)

---------------  T H R E A D  ---------------

Current thread (0x00000207e79a6e70):  JavaThread "C2 CompilerThread0" daemon [_thread_in_native, id=16188, stack(0x0000003b63a00000,0x0000003b63b00000) (1024K)]


Current CompileTask:
C2: 128789 12491       4       org.gradle.internal.operations.DefaultBuildOperationRunner::execute (147 bytes)

Stack: [0x0000003b63a00000,0x0000003b63b00000]
Native frames: (J=compiled Java code, j=interpreted, Vv=VM code, C=native code)
V  [jvm.dll+0x6cbcf9]
V  [jvm.dll+0x8a5551]
V  [jvm.dll+0x8a7a7e]
V  [jvm.dll+0x8a8153]
V  [jvm.dll+0x27eca6]
V  [jvm.dll+0xc4aad]
V  [jvm.dll+0xc4fe3]
V  [jvm.dll+0x3b5102]
V  [jvm.dll+0x3815a5]
V  [jvm.dll+0x380a0a]
V  [jvm.dll+0x247110]
V  [jvm.dll+0x2466ef]
V  [jvm.dll+0x1c6f7e]
V  [jvm.dll+0x255e7a]
V  [jvm.dll+0x25441a]
V  [jvm.dll+0x3eeef6]
V  [jvm.dll+0x84f17b]
V  [jvm.dll+0x6ca3fd]
C  [ucrtbase.dll+0x37b0]
C  [KERNEL32.DLL+0x2e8d7]
C  [ntdll.dll+0xbbf6c]


---------------  P R O C E S S  ---------------

Threads class SMR info:
_java_thread_list=0x00000208313cbd10, length=83, elements={
0x00000207b5ca2bf0, 0x00000207e7990430, 0x00000207e79942b0, 0x00000207e799a990,
0x00000207e799b3f0, 0x00000207e799c9c0, 0x00000207e79a5560, 0x00000207e79a6e70,
0x00000207e79a8480, 0x00000207e7961f10, 0x00000207e7d9bb70, 0x000002082dd2d3f0,
0x000002082d909a10, 0x000002082e375650, 0x00000207e7c27b00, 0x000002082e696020,
0x000002082e5fad20, 0x000002082d0f17d0, 0x000002082d0f0420, 0x000002082d0efd90,
0x000002082d0f1140, 0x000002082d0f24f0, 0x000002082d0f1e60, 0x000002082d0ef700,
0x000002082d0f0ab0, 0x000002082f273b90, 0x000002082f271ac0, 0x000002082f271430,
0x000002082f274220, 0x000002082f2727e0, 0x000002082f272150, 0x000002082f272e70,
0x000002082f273500, 0x000002082f270da0, 0x000002082f277010, 0x000002082f2748b0,
0x000002082f274f40, 0x000002082f2755d0, 0x000002082d8ba540, 0x000002082d8b9190,
0x000002082d8b8b00, 0x000002082d8b9820, 0x000002082d8b8470, 0x000002082d8b7de0,
0x000002082d8babd0, 0x000002082d8b9eb0, 0x000002082d8b7750, 0x000002082d8be050,
0x0000020831ce2710, 0x0000020831ce2da0, 0x0000020831ce3430, 0x0000020831ce0cd0,
0x0000020831cdffb0, 0x0000020831ce3ac0, 0x0000020831ce0640, 0x0000020831ce47e0,
0x0000020831ce4e70, 0x0000020831ce4150, 0x0000020831ce5500, 0x0000020831ce19f0,
0x0000020831ce2080, 0x0000020831ce5b90, 0x0000020831ce6220, 0x0000020831ce68b0,
0x0000020831ce6f40, 0x0000020831ce75d0, 0x000002082d8be6e0, 0x000002082d8bb260,
0x000002082d8bed70, 0x0000020831ce8ce0, 0x0000020831ce7fc0, 0x0000020831cea720,
0x0000020831ceadb0, 0x0000020831cebad0, 0x0000020831cec7f0, 0x0000020831ce9370,
0x0000020831cece80, 0x0000020831ce9a00, 0x0000020831ced510, 0x0000020831cedba0,
0x0000020831cef5e0, 0x0000020831cee8c0, 0x0000020831cee230
}

Java Threads: ( => current thread )
  0x00000207b5ca2bf0 JavaThread "main"                              [_thread_blocked, id=13292, stack(0x0000003b62c00000,0x0000003b62d00000) (1024K)]
  0x00000207e7990430 JavaThread "Reference Handler"          daemon [_thread_blocked, id=24296, stack(0x0000003b63400000,0x0000003b63500000) (1024K)]
  0x00000207e79942b0 JavaThread "Finalizer"                  daemon [_thread_blocked, id=9464, stack(0x0000003b63500000,0x0000003b63600000) (1024K)]
  0x00000207e799a990 JavaThread "Signal Dispatcher"          daemon [_thread_blocked, id=16608, stack(0x0000003b63600000,0x0000003b63700000) (1024K)]
  0x00000207e799b3f0 JavaThread "Attach Listener"            daemon [_thread_blocked, id=14520, stack(0x0000003b63700000,0x0000003b63800000) (1024K)]
  0x00000207e799c9c0 JavaThread "Service Thread"             daemon [_thread_blocked, id=19328, stack(0x0000003b63800000,0x0000003b63900000) (1024K)]
  0x00000207e79a5560 JavaThread "Monitor Deflation Thread"   daemon [_thread_blocked, id=6176, stack(0x0000003b63900000,0x0000003b63a00000) (1024K)]
=>0x00000207e79a6e70 JavaThread "C2 CompilerThread0"         daemon [_thread_in_native, id=16188, stack(0x0000003b63a00000,0x0000003b63b00000) (1024K)]
  0x00000207e79a8480 JavaThread "C1 CompilerThread0"         daemon [_thread_blocked, id=15700, stack(0x0000003b63b00000,0x0000003b63c00000) (1024K)]
  0x00000207e7961f10 JavaThread "Common-Cleaner"             daemon [_thread_blocked, id=21296, stack(0x0000003b63c00000,0x0000003b63d00000) (1024K)]
  0x00000207e7d9bb70 JavaThread "Notification Thread"        daemon [_thread_blocked, id=21760, stack(0x0000003b63d00000,0x0000003b63e00000) (1024K)]
  0x000002082dd2d3f0 JavaThread "Daemon health stats"               [_thread_blocked, id=15208, stack(0x0000003b64100000,0x0000003b64200000) (1024K)]
  0x000002082d909a10 JavaThread "Incoming local TCP Connector on port 24560"        [_thread_in_native, id=14668, stack(0x0000003b64200000,0x0000003b64300000) (1024K)]
  0x000002082e375650 JavaThread "Daemon periodic checks"            [_thread_blocked, id=17128, stack(0x0000003b64300000,0x0000003b64400000) (1024K)]
  0x00000207e7c27b00 JavaThread "Daemon"                            [_thread_blocked, id=22180, stack(0x0000003b64400000,0x0000003b64500000) (1024K)]
  0x000002082e696020 JavaThread "Handler for socket connection from /127.0.0.1:24560 to /127.0.0.1:24561"        [_thread_in_native, id=23244, stack(0x0000003b64500000,0x0000003b64600000) (1024K)]
  0x000002082e5fad20 JavaThread "Cancel handler"                    [_thread_blocked, id=8692, stack(0x0000003b64600000,0x0000003b64700000) (1024K)]
  0x000002082d0f17d0 JavaThread "Daemon worker"                     [_thread_in_native, id=24232, stack(0x0000003b64700000,0x0000003b64800000) (1024K)]
  0x000002082d0f0420 JavaThread "Asynchronous log dispatcher for DefaultDaemonConnection: socket connection from /127.0.0.1:24560 to /127.0.0.1:24561"        [_thread_blocked, id=16840, stack(0x0000003b64800000,0x0000003b64900000) (1024K)]
  0x000002082d0efd90 JavaThread "Stdin handler"                     [_thread_blocked, id=19204, stack(0x0000003b64900000,0x0000003b64a00000) (1024K)]
  0x000002082d0f1140 JavaThread "Daemon client event forwarder"        [_thread_blocked, id=20052, stack(0x0000003b64a00000,0x0000003b64b00000) (1024K)]
  0x000002082d0f24f0 JavaThread "Cache worker for journal cache (C:\Users\bhush\.gradle\caches\journal-1)"        [_thread_blocked, id=23000, stack(0x0000003b64b00000,0x0000003b64c00000) (1024K)]
  0x000002082d0f1e60 JavaThread "File lock request listener"        [_thread_in_native, id=4272, stack(0x0000003b64c00000,0x0000003b64d00000) (1024K)]
  0x000002082d0ef700 JavaThread "Cache worker for file hash cache (C:\Users\bhush\.gradle\caches\8.10.2\fileHashes)"        [_thread_blocked, id=11576, stack(0x0000003b64d00000,0x0000003b64e00000) (1024K)]
  0x000002082d0f0ab0 JavaThread "Cache worker for file hash cache (D:\TaskVerse\taskverse\android\.gradle\8.10.2\fileHashes)"        [_thread_blocked, id=19272, stack(0x0000003b64e00000,0x0000003b64f00000) (1024K)]
  0x000002082f273b90 JavaThread "Cache worker for Build Output Cleanup Cache (D:\TaskVerse\taskverse\android\.gradle\buildOutputCleanup)"        [_thread_blocked, id=21916, stack(0x0000003b64f00000,0x0000003b65000000) (1024K)]
  0x000002082f271ac0 JavaThread "File watcher server"        daemon [_thread_in_native, id=1072, stack(0x0000003b65000000,0x0000003b65100000) (1024K)]
  0x000002082f271430 JavaThread "File watcher consumer"      daemon [_thread_blocked, id=9768, stack(0x0000003b65100000,0x0000003b65200000) (1024K)]
  0x000002082f274220 JavaThread "jar transforms"                    [_thread_blocked, id=1860, stack(0x0000003b65200000,0x0000003b65300000) (1024K)]
  0x000002082f2727e0 JavaThread "jar transforms Thread 2"           [_thread_blocked, id=15432, stack(0x0000003b65300000,0x0000003b65400000) (1024K)]
  0x000002082f272150 JavaThread "jar transforms Thread 3"           [_thread_blocked, id=9484, stack(0x0000003b65400000,0x0000003b65500000) (1024K)]
  0x000002082f272e70 JavaThread "Cache worker for checksums cache (D:\TaskVerse\taskverse\android\.gradle\8.10.2\checksums)"        [_thread_blocked, id=13452, stack(0x0000003b65500000,0x0000003b65600000) (1024K)]
  0x000002082f273500 JavaThread "Cache worker for file content cache (C:\Users\bhush\.gradle\caches\8.10.2\fileContent)"        [_thread_blocked, id=16392, stack(0x0000003b65600000,0x0000003b65700000) (1024K)]
  0x000002082f270da0 JavaThread "Cache worker for cache directory md-rule (C:\Users\bhush\.gradle\caches\8.10.2\md-rule)"        [_thread_blocked, id=21912, stack(0x0000003b65700000,0x0000003b65800000) (1024K)]
  0x000002082f277010 JavaThread "Cache worker for cache directory md-supplier (C:\Users\bhush\.gradle\caches\8.10.2\md-supplier)"        [_thread_blocked, id=19564, stack(0x0000003b65800000,0x0000003b65900000) (1024K)]
  0x000002082f2748b0 JavaThread "jar transforms Thread 4"           [_thread_blocked, id=23672, stack(0x0000003b65900000,0x0000003b65a00000) (1024K)]
  0x000002082f274f40 JavaThread "Cache worker for Build Output Cleanup Cache (D:\Flutter\flutter\packages\flutter_tools\gradle\.gradle\buildOutputCleanup)"        [_thread_blocked, id=21184, stack(0x0000003b65a00000,0x0000003b65b00000) (1024K)]
  0x000002082f2755d0 JavaThread "Unconstrained build operations"        [_thread_blocked, id=22728, stack(0x0000003b65b00000,0x0000003b65c00000) (1024K)]
  0x000002082d8ba540 JavaThread "Unconstrained build operations Thread 2"        [_thread_blocked, id=17312, stack(0x0000003b65c00000,0x0000003b65d00000) (1024K)]
  0x000002082d8b9190 JavaThread "Unconstrained build operations Thread 3"        [_thread_blocked, id=15748, stack(0x0000003b65d00000,0x0000003b65e00000) (1024K)]
  0x000002082d8b8b00 JavaThread "Unconstrained build operations Thread 4"        [_thread_blocked, id=19440, stack(0x0000003b65e00000,0x0000003b65f00000) (1024K)]
  0x000002082d8b9820 JavaThread "Unconstrained build operations Thread 5"        [_thread_blocked, id=11596, stack(0x0000003b65f00000,0x0000003b66000000) (1024K)]
  0x000002082d8b8470 JavaThread "Unconstrained build operations Thread 6"        [_thread_blocked, id=22164, stack(0x0000003b66000000,0x0000003b66100000) (1024K)]
  0x000002082d8b7de0 JavaThread "Unconstrained build operations Thread 7"        [_thread_blocked, id=15384, stack(0x0000003b62900000,0x0000003b62a00000) (1024K)]
  0x000002082d8babd0 JavaThread "Unconstrained build operations Thread 8"        [_thread_blocked, id=4112, stack(0x0000003b62a00000,0x0000003b62b00000) (1024K)]
  0x000002082d8b9eb0 JavaThread "Unconstrained build operations Thread 9"        [_thread_blocked, id=23240, stack(0x0000003b62b00000,0x0000003b62c00000) (1024K)]
  0x000002082d8b7750 JavaThread "Memory manager"                    [_thread_blocked, id=20620, stack(0x0000003b66100000,0x0000003b66200000) (1024K)]
  0x000002082d8be050 JavaThread "build event listener"              [_thread_blocked, id=3824, stack(0x0000003b66200000,0x0000003b66300000) (1024K)]
  0x0000020831ce2710 JavaThread "included builds"                   [_thread_blocked, id=2288, stack(0x0000003b66400000,0x0000003b66500000) (1024K)]
  0x0000020831ce2da0 JavaThread "Execution worker"                  [_thread_blocked, id=19416, stack(0x0000003b66500000,0x0000003b66600000) (1024K)]
  0x0000020831ce3430 JavaThread "Execution worker Thread 2"         [_thread_blocked, id=8576, stack(0x0000003b66600000,0x0000003b66700000) (1024K)]
  0x0000020831ce0cd0 JavaThread "Execution worker Thread 3"         [_thread_blocked, id=21292, stack(0x0000003b66700000,0x0000003b66800000) (1024K)]
  0x0000020831cdffb0 JavaThread "Cache worker for execution history cache (D:\Flutter\flutter\packages\flutter_tools\gradle\.gradle\8.10.2\executionHistory)"        [_thread_blocked, id=17572, stack(0x0000003b66800000,0x0000003b66900000) (1024K)]
  0x0000020831ce3ac0 JavaThread "Unconstrained build operations Thread 10"        [_thread_blocked, id=10700, stack(0x0000003b66900000,0x0000003b66a00000) (1024K)]
  0x0000020831ce0640 JavaThread "Unconstrained build operations Thread 11"        [_thread_blocked, id=9732, stack(0x0000003b66a00000,0x0000003b66b00000) (1024K)]
  0x0000020831ce47e0 JavaThread "Unconstrained build operations Thread 12"        [_thread_blocked, id=14780, stack(0x0000003b66b00000,0x0000003b66c00000) (1024K)]
  0x0000020831ce4e70 JavaThread "Unconstrained build operations Thread 13"        [_thread_blocked, id=19024, stack(0x0000003b66c00000,0x0000003b66d00000) (1024K)]
  0x0000020831ce4150 JavaThread "Unconstrained build operations Thread 14"        [_thread_blocked, id=15044, stack(0x0000003b66d00000,0x0000003b66e00000) (1024K)]
  0x0000020831ce5500 JavaThread "Unconstrained build operations Thread 15"        [_thread_blocked, id=13992, stack(0x0000003b66e00000,0x0000003b66f00000) (1024K)]
  0x0000020831ce19f0 JavaThread "Unconstrained build operations Thread 16"        [_thread_blocked, id=21376, stack(0x0000003b66f00000,0x0000003b67000000) (1024K)]
  0x0000020831ce2080 JavaThread "Unconstrained build operations Thread 17"        [_thread_blocked, id=9100, stack(0x0000003b67000000,0x0000003b67100000) (1024K)]
  0x0000020831ce5b90 JavaThread "Unconstrained build operations Thread 18"        [_thread_blocked, id=5812, stack(0x0000003b67100000,0x0000003b67200000) (1024K)]
  0x0000020831ce6220 JavaThread "Unconstrained build operations Thread 19"        [_thread_blocked, id=21836, stack(0x0000003b67200000,0x0000003b67300000) (1024K)]
  0x0000020831ce68b0 JavaThread "Unconstrained build operations Thread 20"        [_thread_blocked, id=14784, stack(0x0000003b67300000,0x0000003b67400000) (1024K)]
  0x0000020831ce6f40 JavaThread "Unconstrained build operations Thread 21"        [_thread_blocked, id=10396, stack(0x0000003b67400000,0x0000003b67500000) (1024K)]
  0x0000020831ce75d0 JavaThread "Unconstrained build operations Thread 22"        [_thread_blocked, id=17184, stack(0x0000003b67500000,0x0000003b67600000) (1024K)]
  0x000002082d8be6e0 JavaThread "Unconstrained build operations Thread 23"        [_thread_blocked, id=8800, stack(0x0000003b67600000,0x0000003b67700000) (1024K)]
  0x000002082d8bb260 JavaThread "Unconstrained build operations Thread 24"        [_thread_blocked, id=22256, stack(0x0000003b67700000,0x0000003b67800000) (1024K)]
  0x000002082d8bed70 JavaThread "Unconstrained build operations Thread 25"        [_thread_blocked, id=15052, stack(0x0000003b67800000,0x0000003b67900000) (1024K)]
  0x0000020831ce8ce0 JavaThread "Unconstrained build operations Thread 26"        [_thread_blocked, id=3544, stack(0x0000003b67900000,0x0000003b67a00000) (1024K)]
  0x0000020831ce7fc0 JavaThread "Unconstrained build operations Thread 27"        [_thread_blocked, id=15524, stack(0x0000003b67a00000,0x0000003b67b00000) (1024K)]
  0x0000020831cea720 JavaThread "Unconstrained build operations Thread 28"        [_thread_blocked, id=16136, stack(0x0000003b67b00000,0x0000003b67c00000) (1024K)]
  0x0000020831ceadb0 JavaThread "Unconstrained build operations Thread 29"        [_thread_blocked, id=15340, stack(0x0000003b67c00000,0x0000003b67d00000) (1024K)]
  0x0000020831cebad0 JavaThread "Unconstrained build operations Thread 30"        [_thread_blocked, id=17548, stack(0x0000003b67d00000,0x0000003b67e00000) (1024K)]
  0x0000020831cec7f0 JavaThread "Unconstrained build operations Thread 31"        [_thread_blocked, id=23704, stack(0x0000003b66300000,0x0000003b66400000) (1024K)]
  0x0000020831ce9370 JavaThread "Unconstrained build operations Thread 32"        [_thread_blocked, id=12072, stack(0x0000003b68000000,0x0000003b68100000) (1024K)]
  0x0000020831cece80 JavaThread "Unconstrained build operations Thread 33"        [_thread_blocked, id=21948, stack(0x0000003b68100000,0x0000003b68200000) (1024K)]
  0x0000020831ce9a00 JavaThread "Unconstrained build operations Thread 34"        [_thread_blocked, id=3716, stack(0x0000003b68200000,0x0000003b68300000) (1024K)]
  0x0000020831ced510 JavaThread "Unconstrained build operations Thread 35"        [_thread_blocked, id=16340, stack(0x0000003b68300000,0x0000003b68400000) (1024K)]
  0x0000020831cedba0 JavaThread "Unconstrained build operations Thread 36"        [_thread_blocked, id=13232, stack(0x0000003b68400000,0x0000003b68500000) (1024K)]
  0x0000020831cef5e0 JavaThread "Unconstrained build operations Thread 37"        [_thread_in_Java, id=12972, stack(0x0000003b68500000,0x0000003b68600000) (1024K)]
  0x0000020831cee8c0 JavaThread "Unconstrained build operations Thread 38"        [_thread_in_native, id=5808, stack(0x0000003b68600000,0x0000003b68700000) (1024K)]
  0x0000020831cee230 JavaThread "Unconstrained build operations Thread 39"        [_thread_in_native, id=23520, stack(0x0000003b68700000,0x0000003b68800000) (1024K)]
Total: 83

Other Threads:
  0x00000207e79751c0 VMThread "VM Thread"                           [id=11668, stack(0x0000003b63300000,0x0000003b63400000) (1024K)]
  0x00000207e7960a50 WatcherThread "VM Periodic Task Thread"        [id=17744, stack(0x0000003b63200000,0x0000003b63300000) (1024K)]
  0x00000207b5d0a3e0 WorkerThread "GC Thread#0"                     [id=23168, stack(0x0000003b62d00000,0x0000003b62e00000) (1024K)]
  0x00000207e7d7a100 WorkerThread "GC Thread#1"                     [id=4780, stack(0x0000003b63e00000,0x0000003b63f00000) (1024K)]
  0x00000207e7df7f30 WorkerThread "GC Thread#2"                     [id=12580, stack(0x0000003b63f00000,0x0000003b64000000) (1024K)]
  0x000002082d92eaa0 WorkerThread "GC Thread#3"                     [id=9536, stack(0x0000003b64000000,0x0000003b64100000) (1024K)]
  0x00000207b5d1b2d0 ConcurrentGCThread "G1 Main Marker"            [id=13124, stack(0x0000003b62e00000,0x0000003b62f00000) (1024K)]
  0x00000207b5d1bce0 WorkerThread "G1 Conc#0"                       [id=21336, stack(0x0000003b62f00000,0x0000003b63000000) (1024K)]
  0x00000207b5d5d820 ConcurrentGCThread "G1 Refine#0"               [id=8340, stack(0x0000003b63000000,0x0000003b63100000) (1024K)]
  0x00000207b5d5e2a0 ConcurrentGCThread "G1 Service"                [id=19920, stack(0x0000003b63100000,0x0000003b63200000) (1024K)]
Total: 10

Threads with active compile tasks:
C2 CompilerThread0   128883 12491       4       org.gradle.internal.operations.DefaultBuildOperationRunner::execute (147 bytes)
Total: 1

VM state: not at safepoint (normal execution)

VM Mutex/Monitor currently owned by a thread: None

Heap address: 0x0000000700000000, size: 4096 MB, Compressed Oops mode: Zero based, Oop shift amount: 3

CDS archive(s) mapped at: [0x00000207e8000000-0x00000207e8c90000-0x00000207e8c90000), size 13172736, SharedBaseAddress: 0x00000207e8000000, ArchiveRelocationMode: 1.
Compressed class space mapped at: 0x00000207e9000000-0x0000020829000000, reserved size: 1073741824
Narrow klass base: 0x00000207e8000000, Narrow klass shift: 0, Narrow klass range: 0x100000000

GC Precious Log:
 CardTable entry size: 512
 Card Set container configuration: InlinePtr #cards 4 size 8 Array Of Cards #cards 16 size 48 Howl #buckets 8 coarsen threshold 3686 Howl Bitmap #cards 512 size 80 coarsen threshold 460 Card regions per heap region 1 cards per card region 4096
 CPUs: 4 total, 4 available
 Memory: 3783M
 Large Page Support: Disabled
 NUMA Support: Disabled
 Compressed Oops: Enabled (Zero based)
 Heap Region Size: 2M
 Heap Min Capacity: 8M
 Heap Initial Capacity: 60M
 Heap Max Capacity: 4G
 Pre-touch: Disabled
 Parallel Workers: 4
 Concurrent Workers: 1
 Concurrent Refinement Workers: 4
 Periodic GC: Disabled

Heap:
 garbage-first heap   total 212992K, used 163379K [0x0000000700000000, 0x0000000800000000)
  region size 2048K, 21 young (43008K), 3 survivors (6144K)
 Metaspace       used 88581K, committed 91008K, reserved 1179648K
  class space    used 12394K, committed 13568K, reserved 1048576K

Heap Regions: E=young(eden), S=young(survivor), O=old, HS=humongous(starts), HC=humongous(continues), CS=collection set, F=free, TAMS=top-at-mark-start, PB=parsable bottom
|   0|0x0000000700000000, 0x0000000700200000, 0x0000000700200000|100%|HS|  |TAMS 0x0000000700000000| PB 0x0000000700000000| Complete 
|   1|0x0000000700200000, 0x0000000700400000, 0x0000000700400000|100%|HC|  |TAMS 0x0000000700200000| PB 0x0000000700200000| Complete 
|   2|0x0000000700400000, 0x0000000700600000, 0x0000000700600000|100%| O|  |TAMS 0x0000000700400000| PB 0x0000000700400000| Untracked 
|   3|0x0000000700600000, 0x0000000700800000, 0x0000000700800000|100%| O|  |TAMS 0x0000000700600000| PB 0x0000000700600000| Untracked 
|   4|0x0000000700800000, 0x0000000700a00000, 0x0000000700a00000|100%| O|  |TAMS 0x0000000700800000| PB 0x0000000700800000| Untracked 
|   5|0x0000000700a00000, 0x0000000700c00000, 0x0000000700c00000|100%| O|  |TAMS 0x0000000700a00000| PB 0x0000000700a00000| Untracked 
|   6|0x0000000700c00000, 0x0000000700e00000, 0x0000000700e00000|100%| O|  |TAMS 0x0000000700c00000| PB 0x0000000700c00000| Untracked 
|   7|0x0000000700e00000, 0x0000000701000000, 0x0000000701000000|100%| O|  |TAMS 0x0000000700e00000| PB 0x0000000700e00000| Untracked 
|   8|0x0000000701000000, 0x0000000701200000, 0x0000000701200000|100%| O|  |TAMS 0x0000000701000000| PB 0x0000000701000000| Untracked 
|   9|0x0000000701200000, 0x0000000701400000, 0x0000000701400000|100%| O|  |TAMS 0x0000000701200000| PB 0x0000000701200000| Untracked 
|  10|0x0000000701400000, 0x0000000701600000, 0x0000000701600000|100%| O|  |TAMS 0x0000000701400000| PB 0x0000000701400000| Untracked 
|  11|0x0000000701600000, 0x0000000701800000, 0x0000000701800000|100%| O|  |TAMS 0x0000000701600000| PB 0x0000000701600000| Untracked 
|  12|0x0000000701800000, 0x0000000701a00000, 0x0000000701a00000|100%| O|  |TAMS 0x0000000701800000| PB 0x0000000701800000| Untracked 
|  13|0x0000000701a00000, 0x0000000701c00000, 0x0000000701c00000|100%| O|  |TAMS 0x0000000701a00000| PB 0x0000000701a00000| Untracked 
|  14|0x0000000701c00000, 0x0000000701e00000, 0x0000000701e00000|100%| O|  |TAMS 0x0000000701c00000| PB 0x0000000701c00000| Untracked 
|  15|0x0000000701e00000, 0x0000000702000000, 0x0000000702000000|100%| O|  |TAMS 0x0000000701e00000| PB 0x0000000701e00000| Untracked 
|  16|0x0000000702000000, 0x0000000702200000, 0x0000000702200000|100%| O|  |TAMS 0x0000000702000000| PB 0x0000000702000000| Untracked 
|  17|0x0000000702200000, 0x0000000702400000, 0x0000000702400000|100%| O|  |TAMS 0x0000000702200000| PB 0x0000000702200000| Untracked 
|  18|0x0000000702400000, 0x0000000702600000, 0x0000000702600000|100%| O|  |TAMS 0x0000000702400000| PB 0x0000000702400000| Untracked 
|  19|0x0000000702600000, 0x0000000702800000, 0x0000000702800000|100%| O|  |TAMS 0x0000000702600000| PB 0x0000000702600000| Untracked 
|  20|0x0000000702800000, 0x0000000702a00000, 0x0000000702a00000|100%| O|  |TAMS 0x0000000702800000| PB 0x0000000702800000| Untracked 
|  21|0x0000000702a00000, 0x0000000702c00000, 0x0000000702c00000|100%| O|  |TAMS 0x0000000702a00000| PB 0x0000000702a00000| Untracked 
|  22|0x0000000702c00000, 0x0000000702e00000, 0x0000000702e00000|100%| O|  |TAMS 0x0000000702c00000| PB 0x0000000702c00000| Untracked 
|  23|0x0000000702e00000, 0x0000000703000000, 0x0000000703000000|100%| O|  |TAMS 0x0000000702e00000| PB 0x0000000702e00000| Untracked 
|  24|0x0000000703000000, 0x0000000703200000, 0x0000000703200000|100%|HS|  |TAMS 0x0000000703000000| PB 0x0000000703000000| Complete 
|  25|0x0000000703200000, 0x0000000703400000, 0x0000000703400000|100%|HS|  |TAMS 0x0000000703200000| PB 0x0000000703200000| Complete 
|  26|0x0000000703400000, 0x0000000703600000, 0x0000000703600000|100%| O|  |TAMS 0x0000000703400000| PB 0x0000000703400000| Untracked 
|  27|0x0000000703600000, 0x0000000703800000, 0x0000000703800000|100%|HS|  |TAMS 0x0000000703600000| PB 0x0000000703600000| Complete 
|  28|0x0000000703800000, 0x0000000703a00000, 0x0000000703a00000|100%|HC|  |TAMS 0x0000000703800000| PB 0x0000000703800000| Complete 
|  29|0x0000000703a00000, 0x0000000703c00000, 0x0000000703c00000|100%|HS|  |TAMS 0x0000000703a00000| PB 0x0000000703a00000| Complete 
|  30|0x0000000703c00000, 0x0000000703e00000, 0x0000000703e00000|100%|HC|  |TAMS 0x0000000703c00000| PB 0x0000000703c00000| Complete 
|  31|0x0000000703e00000, 0x0000000704000000, 0x0000000704000000|100%| O|  |TAMS 0x0000000703e00000| PB 0x0000000703e00000| Untracked 
|  32|0x0000000704000000, 0x0000000704200000, 0x0000000704200000|100%| O|  |TAMS 0x0000000704000000| PB 0x0000000704000000| Untracked 
|  33|0x0000000704200000, 0x0000000704400000, 0x0000000704400000|100%| O|  |TAMS 0x0000000704200000| PB 0x0000000704200000| Untracked 
|  34|0x0000000704400000, 0x0000000704600000, 0x0000000704600000|100%| O|  |TAMS 0x0000000704400000| PB 0x0000000704400000| Untracked 
|  35|0x0000000704600000, 0x0000000704800000, 0x0000000704800000|100%| O|  |TAMS 0x0000000704600000| PB 0x0000000704600000| Untracked 
|  36|0x0000000704800000, 0x0000000704a00000, 0x0000000704a00000|100%| O|  |TAMS 0x0000000704800000| PB 0x0000000704800000| Untracked 
|  37|0x0000000704a00000, 0x0000000704c00000, 0x0000000704c00000|100%| O|  |TAMS 0x0000000704a00000| PB 0x0000000704a00000| Untracked 
|  38|0x0000000704c00000, 0x0000000704e00000, 0x0000000704e00000|100%| O|  |TAMS 0x0000000704c00000| PB 0x0000000704c00000| Untracked 
|  39|0x0000000704e00000, 0x0000000705000000, 0x0000000705000000|100%|HS|  |TAMS 0x0000000704e00000| PB 0x0000000704e00000| Complete 
|  40|0x0000000705000000, 0x0000000705200000, 0x0000000705200000|100%| O|  |TAMS 0x0000000705000000| PB 0x0000000705000000| Untracked 
|  41|0x0000000705200000, 0x0000000705400000, 0x0000000705400000|100%|HS|  |TAMS 0x0000000705200000| PB 0x0000000705200000| Complete 
|  42|0x0000000705400000, 0x0000000705600000, 0x0000000705600000|100%|HC|  |TAMS 0x0000000705400000| PB 0x0000000705400000| Complete 
|  43|0x0000000705600000, 0x0000000705800000, 0x0000000705800000|100%|HS|  |TAMS 0x0000000705600000| PB 0x0000000705600000| Complete 
|  44|0x0000000705800000, 0x0000000705a00000, 0x0000000705a00000|100%| O|  |TAMS 0x0000000705800000| PB 0x0000000705800000| Untracked 
|  45|0x0000000705a00000, 0x0000000705c00000, 0x0000000705c00000|100%| O|  |TAMS 0x0000000705a00000| PB 0x0000000705a00000| Untracked 
|  46|0x0000000705c00000, 0x0000000705e00000, 0x0000000705e00000|100%| O|  |TAMS 0x0000000705c00000| PB 0x0000000705c00000| Untracked 
|  47|0x0000000705e00000, 0x0000000706000000, 0x0000000706000000|100%| O|Cm|TAMS 0x0000000705e00000| PB 0x0000000705e00000| Complete 
|  48|0x0000000706000000, 0x0000000706200000, 0x0000000706200000|100%| O|  |TAMS 0x0000000706000000| PB 0x0000000706000000| Untracked 
|  49|0x0000000706200000, 0x0000000706400000, 0x0000000706400000|100%| O|  |TAMS 0x0000000706200000| PB 0x0000000706200000| Untracked 
|  50|0x0000000706400000, 0x0000000706600000, 0x0000000706600000|100%| O|  |TAMS 0x0000000706400000| PB 0x0000000706400000| Untracked 
|  51|0x0000000706600000, 0x0000000706800000, 0x0000000706800000|100%| O|  |TAMS 0x0000000706600000| PB 0x0000000706600000| Untracked 
|  52|0x0000000706800000, 0x0000000706a00000, 0x0000000706a00000|100%| O|  |TAMS 0x0000000706800000| PB 0x0000000706800000| Untracked 
|  53|0x0000000706a00000, 0x0000000706c00000, 0x0000000706c00000|100%|HS|  |TAMS 0x0000000706a00000| PB 0x0000000706a00000| Complete 
|  54|0x0000000706c00000, 0x0000000706e00000, 0x0000000706e00000|100%|HC|  |TAMS 0x0000000706c00000| PB 0x0000000706c00000| Complete 
|  55|0x0000000706e00000, 0x0000000707000000, 0x0000000707000000|100%| O|  |TAMS 0x0000000706e00000| PB 0x0000000706e00000| Untracked 
|  56|0x0000000707000000, 0x0000000707200000, 0x0000000707200000|100%| O|Cm|TAMS 0x0000000707000000| PB 0x0000000707000000| Complete 
|  57|0x0000000707200000, 0x0000000707400000, 0x0000000707400000|100%| O|  |TAMS 0x0000000707200000| PB 0x0000000707200000| Untracked 
|  58|0x0000000707400000, 0x0000000707600000, 0x0000000707600000|100%| O|  |TAMS 0x0000000707400000| PB 0x0000000707400000| Untracked 
|  59|0x0000000707600000, 0x0000000707800000, 0x0000000707800000|100%| O|  |TAMS 0x0000000707600000| PB 0x0000000707600000| Untracked 
|  60|0x0000000707800000, 0x0000000707a00000, 0x0000000707a00000|100%| O|  |TAMS 0x0000000707800000| PB 0x0000000707800000| Untracked 
|  61|0x0000000707a00000, 0x0000000707b3dc10, 0x0000000707c00000| 62%| O|  |TAMS 0x0000000707a00000| PB 0x0000000707a00000| Untracked 
|  62|0x0000000707c00000, 0x0000000707c00000, 0x0000000707e00000|  0%| F|  |TAMS 0x0000000707c00000| PB 0x0000000707c00000| Untracked 
|  63|0x0000000707e00000, 0x0000000707e00000, 0x0000000708000000|  0%| F|  |TAMS 0x0000000707e00000| PB 0x0000000707e00000| Untracked 
|  64|0x0000000708000000, 0x0000000708000000, 0x0000000708200000|  0%| F|  |TAMS 0x0000000708000000| PB 0x0000000708000000| Untracked 
|  65|0x0000000708200000, 0x0000000708200000, 0x0000000708400000|  0%| F|  |TAMS 0x0000000708200000| PB 0x0000000708200000| Untracked 
|  66|0x0000000708400000, 0x0000000708400000, 0x0000000708600000|  0%| F|  |TAMS 0x0000000708400000| PB 0x0000000708400000| Untracked 
|  67|0x0000000708600000, 0x0000000708600000, 0x0000000708800000|  0%| F|  |TAMS 0x0000000708600000| PB 0x0000000708600000| Untracked 
|  68|0x0000000708800000, 0x0000000708800000, 0x0000000708a00000|  0%| F|  |TAMS 0x0000000708800000| PB 0x0000000708800000| Untracked 
|  69|0x0000000708a00000, 0x0000000708a00000, 0x0000000708c00000|  0%| F|  |TAMS 0x0000000708a00000| PB 0x0000000708a00000| Untracked 
|  70|0x0000000708c00000, 0x0000000708c00000, 0x0000000708e00000|  0%| F|  |TAMS 0x0000000708c00000| PB 0x0000000708c00000| Untracked 
|  71|0x0000000708e00000, 0x0000000708e00000, 0x0000000709000000|  0%| F|  |TAMS 0x0000000708e00000| PB 0x0000000708e00000| Untracked 
|  72|0x0000000709000000, 0x0000000709000000, 0x0000000709200000|  0%| F|  |TAMS 0x0000000709000000| PB 0x0000000709000000| Untracked 
|  73|0x0000000709200000, 0x0000000709200000, 0x0000000709400000|  0%| F|  |TAMS 0x0000000709200000| PB 0x0000000709200000| Untracked 
|  74|0x0000000709400000, 0x0000000709400000, 0x0000000709600000|  0%| F|  |TAMS 0x0000000709400000| PB 0x0000000709400000| Untracked 
|  75|0x0000000709600000, 0x0000000709600000, 0x0000000709800000|  0%| F|  |TAMS 0x0000000709600000| PB 0x0000000709600000| Untracked 
|  76|0x0000000709800000, 0x0000000709800000, 0x0000000709a00000|  0%| F|  |TAMS 0x0000000709800000| PB 0x0000000709800000| Untracked 
|  77|0x0000000709a00000, 0x0000000709a00000, 0x0000000709c00000|  0%| F|  |TAMS 0x0000000709a00000| PB 0x0000000709a00000| Untracked 
|  78|0x0000000709c00000, 0x0000000709c00000, 0x0000000709e00000|  0%| F|  |TAMS 0x0000000709c00000| PB 0x0000000709c00000| Untracked 
|  79|0x0000000709e00000, 0x0000000709e00000, 0x000000070a000000|  0%| F|  |TAMS 0x0000000709e00000| PB 0x0000000709e00000| Untracked 
|  80|0x000000070a000000, 0x000000070a000000, 0x000000070a200000|  0%| F|  |TAMS 0x000000070a000000| PB 0x000000070a000000| Untracked 
|  81|0x000000070a200000, 0x000000070a200000, 0x000000070a400000|  0%| F|  |TAMS 0x000000070a200000| PB 0x000000070a200000| Untracked 
|  82|0x000000070a400000, 0x000000070a400000, 0x000000070a600000|  0%| F|  |TAMS 0x000000070a400000| PB 0x000000070a400000| Untracked 
|  83|0x000000070a600000, 0x000000070a697b40, 0x000000070a800000| 29%| E|  |TAMS 0x000000070a600000| PB 0x000000070a600000| Complete 
|  84|0x000000070a800000, 0x000000070aa00000, 0x000000070aa00000|100%| E|CS|TAMS 0x000000070a800000| PB 0x000000070a800000| Complete 
|  85|0x000000070aa00000, 0x000000070ac00000, 0x000000070ac00000|100%| E|CS|TAMS 0x000000070aa00000| PB 0x000000070aa00000| Complete 
|  86|0x000000070ac00000, 0x000000070ae00000, 0x000000070ae00000|100%| E|CS|TAMS 0x000000070ac00000| PB 0x000000070ac00000| Complete 
|  87|0x000000070ae00000, 0x000000070b000000, 0x000000070b000000|100%| E|CS|TAMS 0x000000070ae00000| PB 0x000000070ae00000| Complete 
|  88|0x000000070b000000, 0x000000070b200000, 0x000000070b200000|100%| E|CS|TAMS 0x000000070b000000| PB 0x000000070b000000| Complete 
|  89|0x000000070b200000, 0x000000070b400000, 0x000000070b400000|100%| E|CS|TAMS 0x000000070b200000| PB 0x000000070b200000| Complete 
|  90|0x000000070b400000, 0x000000070b600000, 0x000000070b600000|100%| E|  |TAMS 0x000000070b400000| PB 0x000000070b400000| Complete 
|  91|0x000000070b600000, 0x000000070b800000, 0x000000070b800000|100%| E|CS|TAMS 0x000000070b600000| PB 0x000000070b600000| Complete 
|  92|0x000000070b800000, 0x000000070b84f1d8, 0x000000070ba00000| 15%| S|CS|TAMS 0x000000070b800000| PB 0x000000070b800000| Complete 
|  93|0x000000070ba00000, 0x000000070bc00000, 0x000000070bc00000|100%| S|CS|TAMS 0x000000070ba00000| PB 0x000000070ba00000| Complete 
|  94|0x000000070bc00000, 0x000000070be00000, 0x000000070be00000|100%| S|CS|TAMS 0x000000070bc00000| PB 0x000000070bc00000| Complete 
|  95|0x000000070be00000, 0x000000070c000000, 0x000000070c000000|100%| E|CS|TAMS 0x000000070be00000| PB 0x000000070be00000| Complete 
|  96|0x000000070c000000, 0x000000070c200000, 0x000000070c200000|100%| E|CS|TAMS 0x000000070c000000| PB 0x000000070c000000| Complete 
|  97|0x000000070c200000, 0x000000070c400000, 0x000000070c400000|100%| E|CS|TAMS 0x000000070c200000| PB 0x000000070c200000| Complete 
|  98|0x000000070c400000, 0x000000070c600000, 0x000000070c600000|100%| E|CS|TAMS 0x000000070c400000| PB 0x000000070c400000| Complete 
|  99|0x000000070c600000, 0x000000070c800000, 0x000000070c800000|100%| E|CS|TAMS 0x000000070c600000| PB 0x000000070c600000| Complete 
| 100|0x000000070c800000, 0x000000070ca00000, 0x000000070ca00000|100%| E|CS|TAMS 0x000000070c800000| PB 0x000000070c800000| Complete 
| 101|0x000000070ca00000, 0x000000070cc00000, 0x000000070cc00000|100%| E|CS|TAMS 0x000000070ca00000| PB 0x000000070ca00000| Complete 
| 102|0x000000070cc00000, 0x000000070ce00000, 0x000000070ce00000|100%| E|CS|TAMS 0x000000070cc00000| PB 0x000000070cc00000| Complete 
| 103|0x000000070ce00000, 0x000000070d000000, 0x000000070d000000|100%| E|CS|TAMS 0x000000070ce00000| PB 0x000000070ce00000| Complete 

Card table byte_map: [0x00000207e0ba0000,0x00000207e13a0000] _byte_map_base: 0x00000207dd3a0000

Marking Bits: (CMBitMap*) 0x00000207b5d0a9f0
 Bits: [0x00000207e13a0000, 0x00000207e53a0000)

Polling page: 0x00000207b5d60000

Metaspace:

Usage:
  Non-class:     74.40 MB used.
      Class:     12.10 MB used.
       Both:     86.51 MB used.

Virtual space:
  Non-class space:      128.00 MB reserved,      75.62 MB ( 59%) committed,  2 nodes.
      Class space:        1.00 GB reserved,      13.25 MB (  1%) committed,  1 nodes.
             Both:        1.12 GB reserved,      88.88 MB (  8%) committed. 

Chunk freelists:
   Non-Class:  3.55 MB
       Class:  2.77 MB
        Both:  6.32 MB

MaxMetaspaceSize: 4.00 GB
CompressedClassSpaceSize: 1.00 GB
Initial GC threshold: 21.00 MB
Current GC threshold: 147.50 MB
CDS: on
 - commit_granule_bytes: 65536.
 - commit_granule_words: 8192.
 - virtual_space_node_default_size: 8388608.
 - enlarge_chunks_in_place: 1.
 - use_allocation_guard: 0.


Internal statistics:

num_allocs_failed_limit: 3.
num_arena_births: 4104.
num_arena_deaths: 0.
num_vsnodes_births: 3.
num_vsnodes_deaths: 0.
num_space_committed: 1422.
num_space_uncommitted: 0.
num_chunks_returned_to_freelist: 3.
num_chunks_taken_from_freelist: 8308.
num_chunk_merges: 3.
num_chunk_splits: 5324.
num_chunks_enlarged: 3285.
num_inconsistent_stats: 0.

CodeHeap 'non-profiled nmethods': size=259264Kb used=6792Kb max_used=6792Kb free=252471Kb
 bounds [0x00000207cfe30000, 0x00000207d04e0000, 0x00000207dfb60000]
CodeHeap 'profiled nmethods': size=259264Kb used=19523Kb max_used=19523Kb free=239740Kb
 bounds [0x00000207bfb60000, 0x00000207c0e80000, 0x00000207cf890000]
CodeHeap 'non-nmethods': size=5760Kb used=3103Kb max_used=3160Kb free=2656Kb
 bounds [0x00000207cf890000, 0x00000207cfbb0000, 0x00000207cfe30000]
 total_blobs=11337 nmethods=10396 adapters=845
 compilation: enabled
              stopped_count=0, restarted_count=0
 full_count=0

Compilation events (20 events):
Event: 127.012 Thread 0x00000207e79a8480 nmethod 12484 0x00000207d04d1390 code [0x00000207d04d1520, 0x00000207d04d15f0]
Event: 127.012 Thread 0x00000207e79a8480 12485       1       java.lang.management.DefaultPlatformMBeanProvider$10::mbeanInterfaceNames (5 bytes)
Event: 127.012 Thread 0x00000207e79a8480 nmethod 12485 0x00000207d04d1690 code [0x00000207d04d1820, 0x00000207d04d18f0]
Event: 127.064 Thread 0x00000207e79a8480 12486       3       java.util.concurrent.LinkedBlockingDeque$AbstractItr::hasNext (13 bytes)
Event: 127.066 Thread 0x00000207e79a8480 nmethod 12486 0x00000207c0e6e290 code [0x00000207c0e6e420, 0x00000207c0e6e590]
Event: 127.084 Thread 0x00000207e79a8480 12487       3       java.io.File::isDirectory (34 bytes)
Event: 127.085 Thread 0x00000207e79a8480 nmethod 12487 0x00000207c0e6e610 code [0x00000207c0e6e800, 0x00000207c0e6ec10]
Event: 127.085 Thread 0x00000207e79a8480 12488       3       java.util.Formatter$FormatSpecifier::print (234 bytes)
Event: 127.087 Thread 0x00000207e79a8480 nmethod 12488 0x00000207c0e6ed90 code [0x00000207c0e6f020, 0x00000207c0e6f800]
Event: 127.172 Thread 0x00000207e79a6e70 12489       4       java.util.stream.Collectors$$Lambda/0x00000207e9070b10::get (8 bytes)
Event: 127.176 Thread 0x00000207e79a6e70 nmethod 12489 0x00000207d04d1990 code [0x00000207d04d1b20, 0x00000207d04d1c10]
Event: 127.279 Thread 0x00000207e79a6e70 12490       4       org.gradle.internal.vfs.impl.DefaultFileSystemAccess$$Lambda/0x00000207e9409b18::apply (8 bytes)
Event: 127.281 Thread 0x00000207e79a6e70 nmethod 12490 0x00000207d04d1d10 code [0x00000207d04d1ea0, 0x00000207d04d1ff8]
Event: 127.451 Thread 0x00000207e79a6e70 12491       4       org.gradle.internal.operations.DefaultBuildOperationRunner::execute (147 bytes)
Event: 127.985 Thread 0x00000207e79a8480 12493       3       java.lang.management.ManagementFactory$PlatformMBeanFinder::getMap (4 bytes)
Event: 127.986 Thread 0x00000207e79a8480 nmethod 12493 0x00000207bfda6990 code [0x00000207bfda6b20, 0x00000207bfda6c18]
Event: 128.287 Thread 0x00000207e79a8480 12495       3       org.gradle.api.internal.artifacts.transform.TransformStep::lambda$createInvocation$0 (10 bytes)
Event: 128.288 Thread 0x00000207e79a8480 nmethod 12495 0x00000207c0e6fa10 code [0x00000207c0e6fbc0, 0x00000207c0e6fcf8]
Event: 128.372 Thread 0x00000207e79a8480 12496       3       org.gradle.api.internal.artifacts.transform.TransformStep::doTransform (112 bytes)
Event: 128.776 Thread 0x00000207e79a8480 nmethod 12496 0x00000207c0e6fd90 code [0x00000207c0e700c0, 0x00000207c0e71658]

GC Heap History (20 events):
Event: 85.182 GC heap before
{Heap before GC invocations=50 (full 0):
 garbage-first heap   total 141312K, used 124080K [0x0000000700000000, 0x0000000800000000)
  region size 2048K, 23 young (47104K), 2 survivors (4096K)
 Metaspace       used 75071K, committed 77248K, reserved 1179648K
  class space    used 10723K, committed 11776K, reserved 1048576K
}
Event: 85.189 GC heap after
{Heap after GC invocations=51 (full 0):
 garbage-first heap   total 141312K, used 83839K [0x0000000700000000, 0x0000000800000000)
  region size 2048K, 3 young (6144K), 3 survivors (6144K)
 Metaspace       used 75071K, committed 77248K, reserved 1179648K
  class space    used 10723K, committed 11776K, reserved 1048576K
}
Event: 87.563 GC heap before
{Heap before GC invocations=51 (full 0):
 garbage-first heap   total 141312K, used 118655K [0x0000000700000000, 0x0000000800000000)
  region size 2048K, 22 young (45056K), 3 survivors (6144K)
 Metaspace       used 75101K, committed 77248K, reserved 1179648K
  class space    used 10723K, committed 11776K, reserved 1048576K
}
Event: 87.575 GC heap after
{Heap after GC invocations=52 (full 0):
 garbage-first heap   total 141312K, used 87988K [0x0000000700000000, 0x0000000800000000)
  region size 2048K, 3 young (6144K), 3 survivors (6144K)
 Metaspace       used 75101K, committed 77248K, reserved 1179648K
  class space    used 10723K, committed 11776K, reserved 1048576K
}
Event: 91.042 GC heap before
{Heap before GC invocations=53 (full 0):
 garbage-first heap   total 151552K, used 130996K [0x0000000700000000, 0x0000000800000000)
  region size 2048K, 21 young (43008K), 3 survivors (6144K)
 Metaspace       used 76018K, committed 78208K, reserved 1179648K
  class space    used 10865K, committed 11904K, reserved 1048576K
}
Event: 91.051 GC heap after
{Heap after GC invocations=54 (full 0):
 garbage-first heap   total 151552K, used 106444K [0x0000000700000000, 0x0000000800000000)
  region size 2048K, 3 young (6144K), 3 survivors (6144K)
 Metaspace       used 76018K, committed 78208K, reserved 1179648K
  class space    used 10865K, committed 11904K, reserved 1048576K
}
Event: 91.763 GC heap before
{Heap before GC invocations=54 (full 0):
 garbage-first heap   total 151552K, used 135116K [0x0000000700000000, 0x0000000800000000)
  region size 2048K, 17 young (34816K), 3 survivors (6144K)
 Metaspace       used 78111K, committed 80384K, reserved 1179648K
  class space    used 11105K, committed 12224K, reserved 1048576K
}
Event: 91.771 GC heap after
{Heap after GC invocations=55 (full 0):
 garbage-first heap   total 151552K, used 107530K [0x0000000700000000, 0x0000000800000000)
  region size 2048K, 2 young (4096K), 2 survivors (4096K)
 Metaspace       used 78111K, committed 80384K, reserved 1179648K
  class space    used 11105K, committed 12224K, reserved 1048576K
}
Event: 92.664 GC heap before
{Heap before GC invocations=55 (full 0):
 garbage-first heap   total 151552K, used 134154K [0x0000000700000000, 0x0000000800000000)
  region size 2048K, 15 young (30720K), 2 survivors (4096K)
 Metaspace       used 80481K, committed 82688K, reserved 1179648K
  class space    used 11351K, committed 12416K, reserved 1048576K
}
Event: 92.669 GC heap after
{Heap after GC invocations=56 (full 0):
 garbage-first heap   total 151552K, used 108364K [0x0000000700000000, 0x0000000800000000)
  region size 2048K, 2 young (4096K), 2 survivors (4096K)
 Metaspace       used 80481K, committed 82688K, reserved 1179648K
  class space    used 11351K, committed 12416K, reserved 1048576K
}
Event: 93.477 GC heap before
{Heap before GC invocations=57 (full 0):
 garbage-first heap   total 184320K, used 132940K [0x0000000700000000, 0x0000000800000000)
  region size 2048K, 15 young (30720K), 2 survivors (4096K)
 Metaspace       used 81144K, committed 83392K, reserved 1179648K
  class space    used 11475K, committed 12608K, reserved 1048576K
}
Event: 93.487 GC heap after
{Heap after GC invocations=58 (full 0):
 garbage-first heap   total 184320K, used 112453K [0x0000000700000000, 0x0000000800000000)
  region size 2048K, 2 young (4096K), 2 survivors (4096K)
 Metaspace       used 81144K, committed 83392K, reserved 1179648K
  class space    used 11475K, committed 12608K, reserved 1048576K
}
Event: 99.493 GC heap before
{Heap before GC invocations=58 (full 0):
 garbage-first heap   total 184320K, used 161605K [0x0000000700000000, 0x0000000800000000)
  region size 2048K, 26 young (53248K), 2 survivors (4096K)
 Metaspace       used 84691K, committed 86976K, reserved 1179648K
  class space    used 11913K, committed 13056K, reserved 1048576K
}
Event: 99.502 GC heap after
{Heap after GC invocations=59 (full 0):
 garbage-first heap   total 184320K, used 114280K [0x0000000700000000, 0x0000000800000000)
  region size 2048K, 4 young (8192K), 4 survivors (8192K)
 Metaspace       used 84691K, committed 86976K, reserved 1179648K
  class space    used 11913K, committed 13056K, reserved 1048576K
}
Event: 102.169 GC heap before
{Heap before GC invocations=59 (full 0):
 garbage-first heap   total 184320K, used 167528K [0x0000000700000000, 0x0000000800000000)
  region size 2048K, 28 young (57344K), 4 survivors (8192K)
 Metaspace       used 87722K, committed 90048K, reserved 1179648K
  class space    used 12304K, committed 13440K, reserved 1048576K
}
Event: 102.182 GC heap after
{Heap after GC invocations=60 (full 0):
 garbage-first heap   total 184320K, used 121496K [0x0000000700000000, 0x0000000800000000)
  region size 2048K, 3 young (6144K), 3 survivors (6144K)
 Metaspace       used 87722K, committed 90048K, reserved 1179648K
  class space    used 12304K, committed 13440K, reserved 1048576K
}
Event: 105.169 GC heap before
{Heap before GC invocations=60 (full 0):
 garbage-first heap   total 184320K, used 166552K [0x0000000700000000, 0x0000000800000000)
  region size 2048K, 25 young (51200K), 3 survivors (6144K)
 Metaspace       used 88194K, committed 90560K, reserved 1179648K
  class space    used 12377K, committed 13568K, reserved 1048576K
}
Event: 105.189 GC heap after
{Heap after GC invocations=61 (full 0):
 garbage-first heap   total 184320K, used 126197K [0x0000000700000000, 0x0000000800000000)
  region size 2048K, 4 young (8192K), 4 survivors (8192K)
 Metaspace       used 88194K, committed 90560K, reserved 1179648K
  class space    used 12377K, committed 13568K, reserved 1048576K
}
Event: 123.518 GC heap before
{Heap before GC invocations=62 (full 0):
 garbage-first heap   total 212992K, used 161013K [0x0000000700000000, 0x0000000800000000)
  region size 2048K, 22 young (45056K), 4 survivors (8192K)
 Metaspace       used 88558K, committed 90880K, reserved 1179648K
  class space    used 12394K, committed 13568K, reserved 1048576K
}
Event: 123.685 GC heap after
{Heap after GC invocations=63 (full 0):
 garbage-first heap   total 212992K, used 130611K [0x0000000700000000, 0x0000000800000000)
  region size 2048K, 3 young (6144K), 3 survivors (6144K)
 Metaspace       used 88558K, committed 90880K, reserved 1179648K
  class space    used 12394K, committed 13568K, reserved 1048576K
}

Dll operation events (15 events):
Event: 0.034 Loaded shared library C:\Users\bhush\AppData\Local\Programs\Eclipse Adoptium\jdk-21.0.4.7-hotspot\bin\java.dll
Event: 0.123 Loaded shared library C:\Users\bhush\AppData\Local\Programs\Eclipse Adoptium\jdk-21.0.4.7-hotspot\bin\jsvml.dll
Event: 0.362 Loaded shared library C:\Users\bhush\AppData\Local\Programs\Eclipse Adoptium\jdk-21.0.4.7-hotspot\bin\zip.dll
Event: 0.369 Loaded shared library C:\Users\bhush\AppData\Local\Programs\Eclipse Adoptium\jdk-21.0.4.7-hotspot\bin\instrument.dll
Event: 0.378 Loaded shared library C:\Users\bhush\AppData\Local\Programs\Eclipse Adoptium\jdk-21.0.4.7-hotspot\bin\net.dll
Event: 0.382 Loaded shared library C:\Users\bhush\AppData\Local\Programs\Eclipse Adoptium\jdk-21.0.4.7-hotspot\bin\nio.dll
Event: 0.392 Loaded shared library C:\Users\bhush\AppData\Local\Programs\Eclipse Adoptium\jdk-21.0.4.7-hotspot\bin\zip.dll
Event: 1.222 Loaded shared library C:\Users\bhush\AppData\Local\Programs\Eclipse Adoptium\jdk-21.0.4.7-hotspot\bin\jimage.dll
Event: 1.930 Loaded shared library C:\Users\bhush\AppData\Local\Programs\Eclipse Adoptium\jdk-21.0.4.7-hotspot\bin\verify.dll
Event: 2.436 Loaded shared library C:\Users\bhush\.gradle\native\c067742578af261105cb4f569cf0c3c89f3d7b1fecec35dd04571415982c5e48\windows-amd64\native-platform.dll
Event: 2.463 Loaded shared library C:\Users\bhush\.gradle\native\100fb08df4bc3b14c8652ba06237920a3bd2aa13389f12d3474272988ae205f9\windows-amd64\native-platform-file-events.dll
Event: 5.702 Loaded shared library C:\Users\bhush\AppData\Local\Programs\Eclipse Adoptium\jdk-21.0.4.7-hotspot\bin\management.dll
Event: 5.711 Loaded shared library C:\Users\bhush\AppData\Local\Programs\Eclipse Adoptium\jdk-21.0.4.7-hotspot\bin\management_ext.dll
Event: 6.679 Loaded shared library C:\Users\bhush\AppData\Local\Programs\Eclipse Adoptium\jdk-21.0.4.7-hotspot\bin\extnet.dll
Event: 7.030 Loaded shared library C:\Users\bhush\AppData\Local\Programs\Eclipse Adoptium\jdk-21.0.4.7-hotspot\bin\sunmscapi.dll

Deoptimization events (20 events):
Event: 105.979 Thread 0x000002082d0f17d0 DEOPT PACKING pc=0x00000207d02b8eb8 sp=0x0000003b647f3ad0
Event: 105.979 Thread 0x000002082d0f17d0 DEOPT UNPACKING pc=0x00000207cf8e7da2 sp=0x0000003b647f3a68 mode 2
Event: 126.464 Thread 0x000002082d0f17d0 DEOPT PACKING pc=0x00000207c062a2ad sp=0x0000003b647f1430
Event: 126.471 Thread 0x000002082d0f17d0 DEOPT UNPACKING pc=0x00000207cf8e88e2 sp=0x0000003b647f0968 mode 0
Event: 126.474 Thread 0x000002082d0f17d0 DEOPT PACKING pc=0x00000207c062a255 sp=0x0000003b647f1430
Event: 126.475 Thread 0x000002082d0f17d0 DEOPT UNPACKING pc=0x00000207cf8e88e2 sp=0x0000003b647f0968 mode 0
Event: 126.480 Thread 0x000002082d0f17d0 DEOPT PACKING pc=0x00000207c062a255 sp=0x0000003b647f1430
Event: 126.480 Thread 0x000002082d0f17d0 DEOPT UNPACKING pc=0x00000207cf8e88e2 sp=0x0000003b647f0968 mode 0
Event: 126.483 Thread 0x000002082d0f17d0 DEOPT PACKING pc=0x00000207c062a1ee sp=0x0000003b647f1430
Event: 126.484 Thread 0x000002082d0f17d0 DEOPT UNPACKING pc=0x00000207cf8e88e2 sp=0x0000003b647f0968 mode 0
Event: 126.489 Thread 0x000002082d0f17d0 DEOPT PACKING pc=0x00000207c062a2ad sp=0x0000003b647f1430
Event: 126.496 Thread 0x000002082d0f17d0 DEOPT UNPACKING pc=0x00000207cf8e88e2 sp=0x0000003b647f0968 mode 0
Event: 126.497 Thread 0x000002082d0f17d0 DEOPT PACKING pc=0x00000207c062a255 sp=0x0000003b647f1430
Event: 126.497 Thread 0x000002082d0f17d0 DEOPT UNPACKING pc=0x00000207cf8e88e2 sp=0x0000003b647f0968 mode 0
Event: 126.498 Thread 0x000002082d0f17d0 DEOPT PACKING pc=0x00000207c062a255 sp=0x0000003b647f1430
Event: 126.498 Thread 0x000002082d0f17d0 DEOPT UNPACKING pc=0x00000207cf8e88e2 sp=0x0000003b647f0968 mode 0
Event: 126.538 Thread 0x000002082d0f17d0 Uncommon trap: trap_request=0xffffff76 fr.pc=0x00000207d044b118 relative=0x0000000000000d78
Event: 126.538 Thread 0x000002082d0f17d0 Uncommon trap: reason=predicate action=maybe_recompile pc=0x00000207d044b118 method=java.util.ComparableTimSort.binarySort([Ljava/lang/Object;III)V @ 34 c2
Event: 126.539 Thread 0x000002082d0f17d0 DEOPT PACKING pc=0x00000207d044b118 sp=0x0000003b647f2710
Event: 126.539 Thread 0x000002082d0f17d0 DEOPT UNPACKING pc=0x00000207cf8e7da2 sp=0x0000003b647f26f8 mode 2

Classes loaded (20 events):
Event: 102.307 Loading class java/nio/file/WatchEvent
Event: 102.307 Loading class java/nio/file/WatchEvent done
Event: 104.917 Loading class java/beans/IntrospectionException
Event: 104.996 Loading class java/beans/IntrospectionException done
Event: 105.359 Loading class java/util/LinkedHashMapBeanInfo
Event: 105.368 Loading class java/util/LinkedHashMapBeanInfo done
Event: 105.369 Loading class java/util/LinkedHashMapBeanInfo
Event: 105.369 Loading class java/util/LinkedHashMapBeanInfo done
Event: 105.369 Loading class java/util/HashMapBeanInfo
Event: 105.385 Loading class java/util/HashMapBeanInfo done
Event: 105.388 Loading class java/util/HashMapBeanInfo
Event: 105.388 Loading class java/util/HashMapBeanInfo done
Event: 105.389 Loading class java/util/HashMapCustomizer
Event: 105.405 Loading class java/util/HashMapCustomizer done
Event: 105.406 Loading class java/util/HashMapCustomizer
Event: 105.406 Loading class java/util/HashMapCustomizer done
Event: 105.408 Loading class java/util/LinkedHashMapCustomizer
Event: 105.424 Loading class java/util/LinkedHashMapCustomizer done
Event: 105.565 Loading class java/util/LinkedHashMapCustomizer
Event: 105.565 Loading class java/util/LinkedHashMapCustomizer done

Classes unloaded (0 events):
No events

Classes redefined (0 events):
No events

Internal exceptions (20 events):
Event: 105.303 Thread 0x000002082d0f17d0 Exception <a 'java/lang/ClassNotFoundException'{0x000000070a6a4508}: com/android/builder/core/AbstractProductFlavorBeanInfo> (0x000000070a6a4508) 
thrown [s\src\hotspot\share\classfile\systemDictionary.cpp, line 312]
Event: 105.304 Thread 0x000002082d0f17d0 Exception <a 'java/lang/ClassNotFoundException'{0x000000070a6b4c88}: com/android/builder/core/AbstractProductFlavorCustomizer> (0x000000070a6b4c88) 
thrown [s\src\hotspot\share\classfile\systemDictionary.cpp, line 312]
Event: 105.306 Thread 0x000002082d0f17d0 Exception <a 'java/lang/ClassNotFoundException'{0x000000070a6ffb90}: com/android/build/gradle/internal/dsl/BaseFlavorCustomizer> (0x000000070a6ffb90) 
thrown [s\src\hotspot\share\classfile\systemDictionary.cpp, line 312]
Event: 105.307 Thread 0x000002082d0f17d0 Exception <a 'java/lang/ClassNotFoundException'{0x000000070a771f58}: com/android/build/gradle/internal/dsl/DefaultConfigCustomizer> (0x000000070a771f58) 
thrown [s\src\hotspot\share\classfile\systemDictionary.cpp, line 312]
Event: 105.308 Thread 0x000002082d0f17d0 Exception <a 'java/lang/ClassNotFoundException'{0x000000070a7a1710}: com/android/build/gradle/internal/dsl/DefaultConfig$AgpDecoratedCustomizer> (0x000000070a7a1710) 
thrown [s\src\hotspot\share\classfile\systemDictionary.cpp, line 312]
Event: 105.310 Thread 0x000002082d0f17d0 Exception <a 'java/lang/ClassNotFoundException'{0x000000070a7f89f0}: com/android/build/gradle/internal/dsl/DefaultConfig$AgpDecorated_DecoratedCustomizer> (0x000000070a7f89f0) 
thrown [s\src\hotspot\share\classfile\systemDictionary.cpp, line 312]
Event: 105.323 Thread 0x000002082d0f17d0 Exception <a 'java/lang/ClassNotFoundException'{0x000000070a533cb8}: com/android/build/gradle/internal/dsl/ExternalNativeBuildOptions_DecoratedBeanInfo> (0x000000070a533cb8) 
thrown [s\src\hotspot\share\classfile\systemDictionary.cpp, line 312]
Event: 105.324 Thread 0x000002082d0f17d0 Exception <a 'java/lang/ClassNotFoundException'{0x000000070a545980}: com/android/build/gradle/internal/dsl/ExternalNativeBuildOptionsBeanInfo> (0x000000070a545980) 
thrown [s\src\hotspot\share\classfile\systemDictionary.cpp, line 312]
Event: 105.325 Thread 0x000002082d0f17d0 Exception <a 'java/lang/ClassNotFoundException'{0x000000070a557640}: com/android/build/gradle/internal/dsl/ExternalNativeBuildOptionsCustomizer> (0x000000070a557640) 
thrown [s\src\hotspot\share\classfile\systemDictionary.cpp, line 312]
Event: 105.327 Thread 0x000002082d0f17d0 Exception <a 'java/lang/ClassNotFoundException'{0x000000070a579c48}: com/android/build/gradle/internal/dsl/ExternalNativeBuildOptions_DecoratedCustomizer> (0x000000070a579c48) 
thrown [s\src\hotspot\share\classfile\systemDictionary.cpp, line 312]
Event: 105.337 Thread 0x000002082d0f17d0 Exception <a 'java/lang/ClassNotFoundException'{0x000000070a5d3640}: com/android/build/gradle/internal/dsl/ExternalNativeCmakeOptions_DecoratedBeanInfo> (0x000000070a5d3640) 
thrown [s\src\hotspot\share\classfile\systemDictionary.cpp, line 312]
Event: 105.338 Thread 0x000002082d0f17d0 Exception <a 'java/lang/ClassNotFoundException'{0x000000070a5e65d0}: com/android/build/gradle/internal/dsl/ExternalNativeCmakeOptionsBeanInfo> (0x000000070a5e65d0) 
thrown [s\src\hotspot\share\classfile\systemDictionary.cpp, line 312]
Event: 105.339 Thread 0x000002082d0f17d0 Exception <a 'java/lang/ClassNotFoundException'{0x000000070a5f9560}: com/android/build/gradle/internal/dsl/ExternalNativeCmakeOptionsCustomizer> (0x000000070a5f9560) 
thrown [s\src\hotspot\share\classfile\systemDictionary.cpp, line 312]
Event: 105.340 Thread 0x000002082d0f17d0 Exception <a 'java/lang/ClassNotFoundException'{0x000000070a2205e0}: com/android/build/gradle/internal/dsl/ExternalNativeCmakeOptions_DecoratedCustomizer> (0x000000070a2205e0) 
thrown [s\src\hotspot\share\classfile\systemDictionary.cpp, line 312]
Event: 105.369 Thread 0x000002082d0f17d0 Exception <a 'java/lang/ClassNotFoundException'{0x000000070a2d1d40}: java/util/LinkedHashMapBeanInfo> (0x000000070a2d1d40) 
thrown [s\src\hotspot\share\classfile\systemDictionary.cpp, line 312]
Event: 105.389 Thread 0x000002082d0f17d0 Exception <a 'java/lang/ClassNotFoundException'{0x000000070a2dba80}: java/util/HashMapBeanInfo> (0x000000070a2dba80) 
thrown [s\src\hotspot\share\classfile\systemDictionary.cpp, line 312]
Event: 105.406 Thread 0x000002082d0f17d0 Exception <a 'java/lang/ClassNotFoundException'{0x000000070a2e5790}: java/util/HashMapCustomizer> (0x000000070a2e5790) 
thrown [s\src\hotspot\share\classfile\systemDictionary.cpp, line 312]
Event: 105.565 Thread 0x000002082d0f17d0 Exception <a 'java/lang/ClassNotFoundException'{0x000000070a33d228}: java/util/LinkedHashMapCustomizer> (0x000000070a33d228) 
thrown [s\src\hotspot\share\classfile\systemDictionary.cpp, line 312]
Event: 105.597 Thread 0x000002082d0f17d0 Exception <a 'java/lang/ClassNotFoundException'{0x000000070a3a9bf0}: org/apache/tools/ant/taskdefs/condition/OsBeanInfo> (0x000000070a3a9bf0) 
thrown [s\src\hotspot\share\classfile\systemDictionary.cpp, line 312]
Event: 105.622 Thread 0x000002082d0f17d0 Exception <a 'java/lang/ClassNotFoundException'{0x000000070a3bef50}: org/apache/tools/ant/taskdefs/condition/OsCustomizer> (0x000000070a3bef50) 
thrown [s\src\hotspot\share\classfile\systemDictionary.cpp, line 312]

ZGC Phase Switch (0 events):
No events

VM Operations (20 events):
Event: 119.224 Executing VM operation: Cleanup
Event: 119.228 Executing VM operation: Cleanup done
Event: 120.229 Executing VM operation: Cleanup
Event: 120.229 Executing VM operation: Cleanup done
Event: 120.463 Executing VM operation: HandshakeAllThreads (HandshakeForDeflation)
Event: 120.468 Executing VM operation: HandshakeAllThreads (HandshakeForDeflation) done
Event: 120.468 Executing VM operation: RendezvousGCThreads
Event: 120.468 Executing VM operation: RendezvousGCThreads done
Event: 121.473 Executing VM operation: Cleanup
Event: 121.520 Executing VM operation: Cleanup done
Event: 122.537 Executing VM operation: Cleanup
Event: 122.538 Executing VM operation: Cleanup done
Event: 123.502 Executing VM operation: G1CollectForAllocation (G1 Evacuation Pause)
Event: 123.686 Executing VM operation: G1CollectForAllocation (G1 Evacuation Pause) done
Event: 124.694 Executing VM operation: Cleanup
Event: 124.774 Executing VM operation: Cleanup done
Event: 126.796 Executing VM operation: Cleanup
Event: 126.796 Executing VM operation: Cleanup done
Event: 127.811 Executing VM operation: Cleanup
Event: 127.811 Executing VM operation: Cleanup done

Memory protections (0 events):
No events

Nmethod flushes (20 events):
Event: 105.560 Thread 0x00000207e79751c0 flushing  nmethod 0x00000207bffbcf10
Event: 105.560 Thread 0x00000207e79751c0 flushing  nmethod 0x00000207c0046f10
Event: 105.560 Thread 0x00000207e79751c0 flushing  nmethod 0x00000207c0055490
Event: 105.560 Thread 0x00000207e79751c0 flushing  nmethod 0x00000207c006e290
Event: 105.560 Thread 0x00000207e79751c0 flushing  nmethod 0x00000207c0089c10
Event: 105.560 Thread 0x00000207e79751c0 flushing  nmethod 0x00000207c00b6910
Event: 105.560 Thread 0x00000207e79751c0 flushing  nmethod 0x00000207c0103490
Event: 105.560 Thread 0x00000207e79751c0 flushing  nmethod 0x00000207c0112590
Event: 105.560 Thread 0x00000207e79751c0 flushing  nmethod 0x00000207c0113710
Event: 105.560 Thread 0x00000207e79751c0 flushing  nmethod 0x00000207c0139790
Event: 105.560 Thread 0x00000207e79751c0 flushing  nmethod 0x00000207c013a090
Event: 105.560 Thread 0x00000207e79751c0 flushing  nmethod 0x00000207c015a610
Event: 105.560 Thread 0x00000207e79751c0 flushing  nmethod 0x00000207c01ba510
Event: 105.560 Thread 0x00000207e79751c0 flushing osr nmethod 0x00000207c03f9f10
Event: 105.562 Thread 0x00000207e79751c0 flushing  nmethod 0x00000207c0683810
Event: 105.562 Thread 0x00000207e79751c0 flushing  nmethod 0x00000207c06fec10
Event: 105.562 Thread 0x00000207e79751c0 flushing  nmethod 0x00000207c08c0d90
Event: 105.562 Thread 0x00000207e79751c0 flushing  nmethod 0x00000207c0929990
Event: 105.562 Thread 0x00000207e79751c0 flushing  nmethod 0x00000207c092b710
Event: 105.562 Thread 0x00000207e79751c0 flushing  nmethod 0x00000207c0c34690

Events (20 events):
Event: 78.771 Thread 0x0000020831ce0cd0 Thread added: 0x0000020831ce68b0
Event: 78.771 Thread 0x0000020831ce0cd0 Thread added: 0x0000020831ce6f40
Event: 80.465 Thread 0x000002082d0f17d0 Thread added: 0x0000020831ce75d0
Event: 80.466 Thread 0x000002082d0f17d0 Thread added: 0x000002082d8be6e0
Event: 80.467 Thread 0x000002082d0f17d0 Thread added: 0x000002082d8bb260
Event: 80.957 Thread 0x000002082d0f17d0 Thread added: 0x000002082d8bed70
Event: 80.959 Thread 0x000002082d0f17d0 Thread added: 0x0000020831ce8ce0
Event: 80.961 Thread 0x000002082d0f17d0 Thread added: 0x0000020831ce7fc0
Event: 82.113 Thread 0x000002082d0f17d0 Thread added: 0x0000020831cea720
Event: 82.113 Thread 0x000002082d0f17d0 Thread added: 0x0000020831ceadb0
Event: 82.114 Thread 0x000002082d0f17d0 Thread added: 0x0000020831cebad0
Event: 122.202 Thread 0x000002082d0f17d0 Thread added: 0x0000020831cec7f0
Event: 122.203 Thread 0x000002082d0f17d0 Thread added: 0x0000020831ce9370
Event: 122.204 Thread 0x000002082d0f17d0 Thread added: 0x0000020831cece80
Event: 122.967 Thread 0x000002082d0f17d0 Thread added: 0x0000020831ce9a00
Event: 122.971 Thread 0x000002082d0f17d0 Thread added: 0x0000020831ced510
Event: 122.981 Thread 0x000002082d0f17d0 Thread added: 0x0000020831cedba0
Event: 126.586 Thread 0x000002082d0f17d0 Thread added: 0x0000020831cef5e0
Event: 126.589 Thread 0x000002082d0f17d0 Thread added: 0x0000020831cee8c0
Event: 126.594 Thread 0x000002082d0f17d0 Thread added: 0x0000020831cee230


Dynamic libraries:
0x00007ff78cc30000 - 0x00007ff78cc3e000 	C:\Users\bhush\AppData\Local\Programs\Eclipse Adoptium\jdk-21.0.4.7-hotspot\bin\java.exe
0x00007ffe28880000 - 0x00007ffe28ae3000 	C:\WINDOWS\SYSTEM32\ntdll.dll
0x00007ffe278e0000 - 0x00007ffe279a7000 	C:\WINDOWS\System32\KERNEL32.DLL
0x00007ffe26050000 - 0x00007ffe26419000 	C:\WINDOWS\System32\KERNELBASE.dll
0x00007ffe264c0000 - 0x00007ffe2660c000 	C:\WINDOWS\System32\ucrtbase.dll
0x00007ffe0cbf0000 - 0x00007ffe0cc08000 	C:\Users\bhush\AppData\Local\Programs\Eclipse Adoptium\jdk-21.0.4.7-hotspot\bin\jli.dll
0x00007ffe285c0000 - 0x00007ffe2878a000 	C:\WINDOWS\System32\USER32.dll
0x00007ffe25a80000 - 0x00007ffe25aa7000 	C:\WINDOWS\System32\win32u.dll
0x00007ffe28310000 - 0x00007ffe2833a000 	C:\WINDOWS\System32\GDI32.dll
0x00007ffe25cd0000 - 0x00007ffe25e01000 	C:\WINDOWS\System32\gdi32full.dll
0x00007ffe083d0000 - 0x00007ffe083eb000 	C:\Users\bhush\AppData\Local\Programs\Eclipse Adoptium\jdk-21.0.4.7-hotspot\bin\VCRUNTIME140.dll
0x00007ffe25c20000 - 0x00007ffe25cc3000 	C:\WINDOWS\System32\msvcp_win.dll
0x00007ffe024c0000 - 0x00007ffe02750000 	C:\WINDOWS\WinSxS\amd64_microsoft.windows.common-controls_6595b64144ccf1df_6.0.26100.3323_none_3e088096e3344490\COMCTL32.dll
0x00007ffe28790000 - 0x00007ffe28839000 	C:\WINDOWS\System32\msvcrt.dll
0x00007ffe27770000 - 0x00007ffe2779f000 	C:\WINDOWS\System32\IMM32.DLL
0x00007ffe1f5c0000 - 0x00007ffe1f5cc000 	C:\Users\bhush\AppData\Local\Programs\Eclipse Adoptium\jdk-21.0.4.7-hotspot\bin\vcruntime140_1.dll
0x00007ffdecae0000 - 0x00007ffdecb6e000 	C:\Users\bhush\AppData\Local\Programs\Eclipse Adoptium\jdk-21.0.4.7-hotspot\bin\msvcp140.dll
0x00007ffda8410000 - 0x00007ffda9198000 	C:\Users\bhush\AppData\Local\Programs\Eclipse Adoptium\jdk-21.0.4.7-hotspot\bin\server\jvm.dll
0x00007ffe275a0000 - 0x00007ffe27652000 	C:\WINDOWS\System32\ADVAPI32.dll
0x00007ffe28230000 - 0x00007ffe282d6000 	C:\WINDOWS\System32\sechost.dll
0x00007ffe26c20000 - 0x00007ffe26d36000 	C:\WINDOWS\System32\RPCRT4.dll
0x00007ffe26d40000 - 0x00007ffe26db4000 	C:\WINDOWS\System32\WS2_32.dll
0x00007ffe25910000 - 0x00007ffe2595e000 	C:\WINDOWS\SYSTEM32\POWRPROF.dll
0x00007ffe0b2b0000 - 0x00007ffe0b2e6000 	C:\WINDOWS\SYSTEM32\WINMM.dll
0x00007ffe1fc20000 - 0x00007ffe1fc2b000 	C:\WINDOWS\SYSTEM32\VERSION.dll
0x00007ffe258f0000 - 0x00007ffe25904000 	C:\WINDOWS\SYSTEM32\UMPDC.dll
0x00007ffe24870000 - 0x00007ffe2488a000 	C:\WINDOWS\SYSTEM32\kernel.appcore.dll
0x00007ffe1dfc0000 - 0x00007ffe1dfca000 	C:\Users\bhush\AppData\Local\Programs\Eclipse Adoptium\jdk-21.0.4.7-hotspot\bin\jimage.dll
0x00007ffe234d0000 - 0x00007ffe23711000 	C:\WINDOWS\SYSTEM32\DBGHELP.DLL
0x00007ffe26890000 - 0x00007ffe26c12000 	C:\WINDOWS\System32\combase.dll
0x00007ffe277b0000 - 0x00007ffe27886000 	C:\WINDOWS\System32\OLEAUT32.dll
0x00007ffe059a0000 - 0x00007ffe059d9000 	C:\WINDOWS\SYSTEM32\dbgcore.DLL
0x00007ffe26420000 - 0x00007ffe264b9000 	C:\WINDOWS\System32\bcryptPrimitives.dll
0x00007ffe1f7a0000 - 0x00007ffe1f7af000 	C:\Users\bhush\AppData\Local\Programs\Eclipse Adoptium\jdk-21.0.4.7-hotspot\bin\instrument.dll
0x00007ffdfd420000 - 0x00007ffdfd43f000 	C:\Users\bhush\AppData\Local\Programs\Eclipse Adoptium\jdk-21.0.4.7-hotspot\bin\java.dll
0x00007ffe279b0000 - 0x00007ffe280c5000 	C:\WINDOWS\System32\SHELL32.dll
0x00007ffe25ab0000 - 0x00007ffe25c18000 	C:\WINDOWS\System32\wintypes.dll
0x00007ffe23740000 - 0x00007ffe23f85000 	C:\WINDOWS\SYSTEM32\windows.storage.dll
0x00007ffe26730000 - 0x00007ffe2681b000 	C:\WINDOWS\System32\SHCORE.dll
0x00007ffe26820000 - 0x00007ffe2687d000 	C:\WINDOWS\System32\shlwapi.dll
0x00007ffe25990000 - 0x00007ffe259bf000 	C:\WINDOWS\SYSTEM32\profapi.dll
0x00007ffdd0810000 - 0x00007ffdd08e7000 	C:\Users\bhush\AppData\Local\Programs\Eclipse Adoptium\jdk-21.0.4.7-hotspot\bin\jsvml.dll
0x00007ffdfd390000 - 0x00007ffdfd3a8000 	C:\Users\bhush\AppData\Local\Programs\Eclipse Adoptium\jdk-21.0.4.7-hotspot\bin\zip.dll
0x00007ffe15620000 - 0x00007ffe15630000 	C:\Users\bhush\AppData\Local\Programs\Eclipse Adoptium\jdk-21.0.4.7-hotspot\bin\net.dll
0x00007ffe1eda0000 - 0x00007ffe1eebe000 	C:\WINDOWS\SYSTEM32\WINHTTP.dll
0x00007ffe24dc0000 - 0x00007ffe24e2a000 	C:\WINDOWS\system32\mswsock.dll
0x00007ffdfd400000 - 0x00007ffdfd416000 	C:\Users\bhush\AppData\Local\Programs\Eclipse Adoptium\jdk-21.0.4.7-hotspot\bin\nio.dll
0x00007ffe15340000 - 0x00007ffe15350000 	C:\Users\bhush\AppData\Local\Programs\Eclipse Adoptium\jdk-21.0.4.7-hotspot\bin\verify.dll
0x00007ffdd9d90000 - 0x00007ffdd9db7000 	C:\Users\bhush\.gradle\native\c067742578af261105cb4f569cf0c3c89f3d7b1fecec35dd04571415982c5e48\windows-amd64\native-platform.dll
0x00007ffde1e90000 - 0x00007ffde1fd4000 	C:\Users\bhush\.gradle\native\100fb08df4bc3b14c8652ba06237920a3bd2aa13389f12d3474272988ae205f9\windows-amd64\native-platform-file-events.dll
0x00007ffe15280000 - 0x00007ffe1528a000 	C:\Users\bhush\AppData\Local\Programs\Eclipse Adoptium\jdk-21.0.4.7-hotspot\bin\management.dll
0x00007ffe083c0000 - 0x00007ffe083cb000 	C:\Users\bhush\AppData\Local\Programs\Eclipse Adoptium\jdk-21.0.4.7-hotspot\bin\management_ext.dll
0x00007ffe26f60000 - 0x00007ffe26f68000 	C:\WINDOWS\System32\PSAPI.DLL
0x00007ffe25070000 - 0x00007ffe2508c000 	C:\WINDOWS\SYSTEM32\CRYPTSP.dll
0x00007ffe247d0000 - 0x00007ffe2480a000 	C:\WINDOWS\system32\rsaenh.dll
0x00007ffe24e60000 - 0x00007ffe24e8b000 	C:\WINDOWS\SYSTEM32\USERENV.dll
0x00007ffe252a0000 - 0x00007ffe252c6000 	C:\WINDOWS\SYSTEM32\bcrypt.dll
0x00007ffe25060000 - 0x00007ffe2506c000 	C:\WINDOWS\SYSTEM32\CRYPTBASE.dll
0x00007ffe242d0000 - 0x00007ffe24303000 	C:\WINDOWS\SYSTEM32\IPHLPAPI.DLL
0x00007ffe26880000 - 0x00007ffe2688a000 	C:\WINDOWS\System32\NSI.dll
0x00007ffe039e0000 - 0x00007ffe039e9000 	C:\Users\bhush\AppData\Local\Programs\Eclipse Adoptium\jdk-21.0.4.7-hotspot\bin\extnet.dll
0x00007ffdfea70000 - 0x00007ffdfea7e000 	C:\Users\bhush\AppData\Local\Programs\Eclipse Adoptium\jdk-21.0.4.7-hotspot\bin\sunmscapi.dll
0x00007ffe25ed0000 - 0x00007ffe26047000 	C:\WINDOWS\System32\CRYPT32.dll
0x00007ffe25260000 - 0x00007ffe25290000 	C:\WINDOWS\SYSTEM32\ncrypt.dll
0x00007ffe25210000 - 0x00007ffe2524f000 	C:\WINDOWS\SYSTEM32\NTASN1.dll
0x00007ffe1f860000 - 0x00007ffe1f868000 	C:\WINDOWS\system32\wshunix.dll
0x00007ffe02f60000 - 0x00007ffe02f78000 	C:\WINDOWS\system32\napinsp.dll
0x00007ffe24370000 - 0x00007ffe24495000 	C:\WINDOWS\SYSTEM32\DNSAPI.dll
0x00007ffe02dc0000 - 0x00007ffe02dd2000 	C:\WINDOWS\System32\winrnr.dll
0x00007ffe02c30000 - 0x00007ffe02c52000 	C:\WINDOWS\system32\nlansp_c.dll
0x00007ffe02c10000 - 0x00007ffe02c26000 	C:\WINDOWS\system32\wshbth.dll
0x00007ffe10990000 - 0x00007ffe1099b000 	C:\Windows\System32\rasadhlp.dll
0x00007ffe1e480000 - 0x00007ffe1e505000 	C:\WINDOWS\System32\fwpuclnt.dll

dbghelp: loaded successfully - version: 4.0.5 - missing functions: none
symbol engine: initialized successfully - sym options: 0x614 - pdb path: .;C:\Users\bhush\AppData\Local\Programs\Eclipse Adoptium\jdk-21.0.4.7-hotspot\bin;C:\WINDOWS\SYSTEM32;C:\WINDOWS\WinSxS\amd64_microsoft.windows.common-controls_6595b64144ccf1df_6.0.26100.3323_none_3e088096e3344490;C:\Users\bhush\AppData\Local\Programs\Eclipse Adoptium\jdk-21.0.4.7-hotspot\bin\server;C:\Users\bhush\.gradle\native\c067742578af261105cb4f569cf0c3c89f3d7b1fecec35dd04571415982c5e48\windows-amd64;C:\Users\bhush\.gradle\native\100fb08df4bc3b14c8652ba06237920a3bd2aa13389f12d3474272988ae205f9\windows-amd64

VM Arguments:
jvm_args: -XX:MaxMetaspaceSize=4G -XX:ReservedCodeCacheSize=512m -XX:+HeapDumpOnOutOfMemoryError --add-opens=java.base/java.util=ALL-UNNAMED --add-opens=java.base/java.lang=ALL-UNNAMED --add-opens=java.base/java.lang.invoke=ALL-UNNAMED --add-opens=java.prefs/java.util.prefs=ALL-UNNAMED --add-exports=jdk.compiler/com.sun.tools.javac.api=ALL-UNNAMED --add-exports=jdk.compiler/com.sun.tools.javac.util=ALL-UNNAMED --add-opens=java.base/java.nio.charset=ALL-UNNAMED --add-opens=java.base/java.net=ALL-UNNAMED --add-opens=java.base/java.util.concurrent.atomic=ALL-UNNAMED -Xmx4G -Dfile.encoding=utf8 -Duser.country=US -Duser.language=en -Duser.variant -javaagent:C:\Users\bhush\.gradle\wrapper\dists\gradle-8.10.2-all\7iv73wktx1xtkvlq19urqw1wm\gradle-8.10.2\lib\agents\gradle-instrumentation-agent-8.10.2.jar 
java_command: org.gradle.launcher.daemon.bootstrap.GradleDaemon 8.10.2
java_class_path (initial): C:\Users\bhush\.gradle\wrapper\dists\gradle-8.10.2-all\7iv73wktx1xtkvlq19urqw1wm\gradle-8.10.2\lib\gradle-daemon-main-8.10.2.jar
Launcher Type: SUN_STANDARD

[Global flags]
     intx CICompilerCount                          = 3                                         {product} {ergonomic}
     uint ConcGCThreads                            = 1                                         {product} {ergonomic}
     uint G1ConcRefinementThreads                  = 4                                         {product} {ergonomic}
   size_t G1HeapRegionSize                         = 2097152                                   {product} {ergonomic}
    uintx GCDrainStackTargetSize                   = 64                                        {product} {ergonomic}
     bool HeapDumpOnOutOfMemoryError               = true                                   {manageable} {command line}
   size_t InitialHeapSize                          = 62914560                                  {product} {ergonomic}
   size_t MarkStackSize                            = 4194304                                   {product} {ergonomic}
   size_t MaxHeapSize                              = 4294967296                                {product} {command line}
   size_t MaxMetaspaceSize                         = 4294967296                                {product} {command line}
   size_t MaxNewSize                               = 2575302656                                {product} {ergonomic}
   size_t MinHeapDeltaBytes                        = 2097152                                   {product} {ergonomic}
   size_t MinHeapSize                              = 8388608                                   {product} {ergonomic}
    uintx NonNMethodCodeHeapSize                   = 5832780                                {pd product} {ergonomic}
    uintx NonProfiledCodeHeapSize                  = 265519066                              {pd product} {ergonomic}
    uintx ProfiledCodeHeapSize                     = 265519066                              {pd product} {ergonomic}
    uintx ReservedCodeCacheSize                    = 536870912                              {pd product} {command line}
     bool SegmentedCodeCache                       = true                                      {product} {ergonomic}
   size_t SoftMaxHeapSize                          = 4294967296                             {manageable} {ergonomic}
     bool UseCompressedOops                        = true                           {product lp64_product} {ergonomic}
     bool UseG1GC                                  = true                                      {product} {ergonomic}
     bool UseLargePagesIndividualAllocation        = false                                  {pd product} {ergonomic}

Logging:
Log output configuration:
 #0: stdout all=warning uptime,level,tags foldmultilines=false
 #1: stderr all=off uptime,level,tags foldmultilines=false

Environment Variables:
JAVA_HOME=C:\Users\bhush\AppData\Local\Programs\Eclipse Adoptium\jdk-21.0.4.7-hotspot\
PATH=C:\Program Files\Microsoft MPI\Bin\;C:\Program Files\Common Files\Oracle\Java\javapath;C:\Program Files (x86)\Common Files\Oracle\Java\java8path;C:\Program Files (x86)\Common Files\Oracle\Java\javapath;C:\WINDOWS\system32;C:\WINDOWS;C:\WINDOWS\System32\Wbem;C:\WINDOWS\System32\WindowsPowerShell\v1.0\;C:\WINDOWS\System32\OpenSSH\;C:\Program Files\dotnet\;C:\Users\bhush\react-firechat;C:\Program Files\nodejs\;C:\Users\bhush\AppData\Local\Programs\Python\Python312\Lib\site-packages\npm;C:\Program Files\HP\HP One Agent;C:\Program Files\Git\cmd;C:\Terraform;C:\Program Files\Docker\Docker\resources\bin;C:\Program Files\Kubernetes\Minikube;C:\WINDOWS\system32;C:\WINDOWS;C:\WINDOWS\System32\Wbem;C:\WINDOWS\System32\WindowsPowerShell\v1.0\;C:\WINDOWS\System32\OpenSSH\;C:\Program Files\Microsoft SQL Server\Client SDK\ODBC\170\Tools\Binn\;C:\Program Files\Microsoft SQL Server\130\DTS\Binn\;C:\Program Files\Microsoft SQL Server\140\DTS\Binn\;C:\Program Files\Microsoft SQL Server\150\DTS\Binn\;C:\Program Files\Microsoft SQL Server\160\DTS\Binn\;C:\Program Files (x86)\Microsoft SQL Server\160\DTS\Binn\;C:\Program Files (x86)\Microsoft SQL Server\160\Tools\Binn\;C:\Program Files\Microsoft SQL Server\160\Tools\Binn\;C:\Program Files\Microsoft SQL Server\150\Tools\Binn\;C:\Users\bhush\AppData\Roaming\npm;D:\Flutter\flutter\bin;D:\Android\android-sdk\cmdline-tools\bin;D:\Android\android-sdk\platform-tools;C:\Users\bhush\AppData\Local\Programs\Eclipse Adoptium\jdk-21.0.4.7-hotspot\bin;D:\python12\Scripts\;D:\python12\;C:\Users\bhush\AppData\Local\Programs\Python\Python312\Scripts\;C:\Users\bhush\AppData\Local\Programs\Python\Python312\;C:\Program Files\MySQL\MySQL Server 8.0\bin;C:\Users\bhush\AppData\Local\Programs\Python\Python311\Scripts\;C:\Users\bhush\AppData\Local\Programs\Python\Python311\;C:\Users\bhush\AppData\Local\Microsoft\WindowsApps;C:\Users\bhush\AppData\Local\Programs\Microsoft VS Code\bin;C:\msys64\mingw64\bin;C:\Program Files\JetBrains\IntelliJ IDEA 2023.2\bin;;C:\Users\bhush\AppData\Local\GitHubDesktop\bin;C:\Program Files\JetBrains\IntelliJ IDEA Community Edition 2023.2\bin;;C:\Users\bhush\AppData\Roaming\npm;C:\Program Files\Git\cmd;C:\Program Files\Git\bin;C:\Program Files\Java\jdk-21\bin;C:\Users\bhush\AppData\Local\Microsoft\WinGet\Packages\Kubernetes.kubectl_Microsoft.Winget.Source_8wekyb3d8bbwe;C:\Users\bhush\AppData\Local\Programs\mongosh\;D:\Flutter\flutter\bin;
USERNAME=bhush
OS=Windows_NT
PROCESSOR_IDENTIFIER=Intel64 Family 6 Model 126 Stepping 5, GenuineIntel
TMP=C:\Users\bhush\AppData\Local\Temp
TEMP=C:\Users\bhush\AppData\Local\Temp




Periodic native trim disabled

---------------  S Y S T E M  ---------------

OS:
 Windows 11 , 64 bit Build 26100 (10.0.26100.3323)
OS uptime: 8 days 3:35 hours
Hyper-V role detected

CPU: total 4 (initial active 4) (2 cores per cpu, 2 threads per core) family 6 model 126 stepping 5 microcode 0xc6, cx8, cmov, fxsr, ht, mmx, 3dnowpref, sse, sse2, sse3, ssse3, sse4.1, sse4.2, popcnt, lzcnt, tsc, tscinvbit, avx, avx2, aes, erms, clmul, bmi1, bmi2, adx, avx512f, avx512dq, avx512cd, avx512bw, avx512vl, sha, fma, vzeroupper, avx512_vpopcntdq, avx512_vpclmulqdq, avx512_vaes, avx512_vnni, clflush, clflushopt, avx512_vbmi2, avx512_vbmi, hv, rdtscp, rdpid, fsrm, gfni, avx512_bitalg, f16c, avx512_ifma
Processor Information for all 4 processors :
  Max Mhz: 1201, Current Mhz: 1201, Mhz Limit: 1201

Memory: 4k page, system-wide physical 3783M (150M free)
TotalPageFile size 15559M (AvailPageFile size 9M)
current process WorkingSet (physical memory assigned to process): 169M, peak: 320M
current process commit charge ("private bytes"): 495M, peak: 505M

vm_info: OpenJDK 64-Bit Server VM (21.0.4+7-LTS) for windows-amd64 JRE (21.0.4+7-LTS), built on 2024-07-16T00:00:00Z by "admin" with MS VC++ 17.7 (VS2022)

END.
